2025-08-16 05:28:13 - main - ERROR - ê¸°ëŠ¥ ëª¨ë“ˆ ë¡œë“œ ì‹¤íŒ¨: cannot import name 'ModernStyle' from 'src.toolbox.ui_kit' (c:\Users\wogud\OneDrive\Desktop\í´ë¡œë“œì½”ë“œ\integrated_management_system\src\toolbox\ui_kit\__init__.py)
2025-08-16 05:28:13 - desktop.app - ERROR - ì• í”Œë¦¬ì¼€ì´ì…˜ ì‹¤í–‰ ì‹¤íŒ¨: cannot import name 'ModernStyle' from 'src.toolbox.ui_kit' (c:\Users\wogud\OneDrive\Desktop\í´ë¡œë“œì½”ë“œ\integrated_management_system\src\toolbox\ui_kit\__init__.py)
2025-08-16 05:28:13 - main - ERROR - ì• í”Œë¦¬ì¼€ì´ì…˜ ì‹œì‘ ì‹¤íŒ¨: cannot import name 'ModernStyle' from 'src.toolbox.ui_kit' (c:\Users\wogud\OneDrive\Desktop\í´ë¡œë“œì½”ë“œ\integrated_management_system\src\toolbox\ui_kit\__init__.py)
2025-08-16 05:28:15 - main - ERROR - ê¸°ëŠ¥ ëª¨ë“ˆ ë¡œë“œ ì‹¤íŒ¨: cannot import name 'ModernStyle' from 'src.toolbox.ui_kit' (c:\Users\wogud\OneDrive\Desktop\í´ë¡œë“œì½”ë“œ\integrated_management_system\src\toolbox\ui_kit\__init__.py)
2025-08-16 05:28:15 - desktop.app - ERROR - ì• í”Œë¦¬ì¼€ì´ì…˜ ì‹¤í–‰ ì‹¤íŒ¨: cannot import name 'ModernStyle' from 'src.toolbox.ui_kit' (c:\Users\wogud\OneDrive\Desktop\í´ë¡œë“œì½”ë“œ\integrated_management_system\src\toolbox\ui_kit\__init__.py)
2025-08-16 05:28:15 - main - ERROR - ì• í”Œë¦¬ì¼€ì´ì…˜ ì‹œì‘ ì‹¤íŒ¨: cannot import name 'ModernStyle' from 'src.toolbox.ui_kit' (c:\Users\wogud\OneDrive\Desktop\í´ë¡œë“œì½”ë“œ\integrated_management_system\src\toolbox\ui_kit\__init__.py)
2025-08-16 05:28:24 - main - ERROR - ê¸°ëŠ¥ ëª¨ë“ˆ ë¡œë“œ ì‹¤íŒ¨: cannot import name 'ModernStyle' from 'src.toolbox.ui_kit' (c:\Users\wogud\OneDrive\Desktop\í´ë¡œë“œì½”ë“œ\integrated_management_system\src\toolbox\ui_kit\__init__.py)
2025-08-16 05:28:24 - desktop.app - ERROR - ì• í”Œë¦¬ì¼€ì´ì…˜ ì‹¤í–‰ ì‹¤íŒ¨: cannot import name 'ModernStyle' from 'src.toolbox.ui_kit' (c:\Users\wogud\OneDrive\Desktop\í´ë¡œë“œì½”ë“œ\integrated_management_system\src\toolbox\ui_kit\__init__.py)
2025-08-16 05:28:24 - main - ERROR - ì• í”Œë¦¬ì¼€ì´ì…˜ ì‹œì‘ ì‹¤íŒ¨: cannot import name 'ModernStyle' from 'src.toolbox.ui_kit' (c:\Users\wogud\OneDrive\Desktop\í´ë¡œë“œì½”ë“œ\integrated_management_system\src\toolbox\ui_kit\__init__.py)
2025-08-16 05:29:16 - main - ERROR - ê¸°ëŠ¥ ëª¨ë“ˆ ë¡œë“œ ì‹¤íŒ¨: cannot import name 'ModernStyle' from 'src.toolbox.ui_kit' (c:\Users\wogud\OneDrive\Desktop\í´ë¡œë“œì½”ë“œ\integrated_management_system\src\toolbox\ui_kit\__init__.py)
2025-08-16 05:29:16 - desktop.app - ERROR - ì• í”Œë¦¬ì¼€ì´ì…˜ ì‹¤í–‰ ì‹¤íŒ¨: cannot import name 'ModernStyle' from 'src.toolbox.ui_kit' (c:\Users\wogud\OneDrive\Desktop\í´ë¡œë“œì½”ë“œ\integrated_management_system\src\toolbox\ui_kit\__init__.py)
2025-08-16 05:29:16 - main - ERROR - ì• í”Œë¦¬ì¼€ì´ì…˜ ì‹œì‘ ì‹¤íŒ¨: cannot import name 'ModernStyle' from 'src.toolbox.ui_kit' (c:\Users\wogud\OneDrive\Desktop\í´ë¡œë“œì½”ë“œ\integrated_management_system\src\toolbox\ui_kit\__init__.py)
2025-08-16 05:29:31 - main - ERROR - ì• í”Œë¦¬ì¼€ì´ì…˜ ì‹œì‘ ì‹¤íŒ¨: source code string cannot contain null bytes
2025-08-16 05:29:33 - main - ERROR - ì• í”Œë¦¬ì¼€ì´ì…˜ ì‹œì‘ ì‹¤íŒ¨: source code string cannot contain null bytes
2025-08-16 05:29:34 - main - ERROR - ì• í”Œë¦¬ì¼€ì´ì…˜ ì‹œì‘ ì‹¤íŒ¨: source code string cannot contain null bytes
2025-08-16 05:29:35 - main - ERROR - ì• í”Œë¦¬ì¼€ì´ì…˜ ì‹œì‘ ì‹¤íŒ¨: source code string cannot contain null bytes
2025-08-16 05:30:51 - main - ERROR - ì• í”Œë¦¬ì¼€ì´ì…˜ ì‹œì‘ ì‹¤íŒ¨: cannot import name 'ModernInputDialog' from 'src.toolbox.ui_kit.modern_dialog' (c:\Users\wogud\OneDrive\Desktop\í´ë¡œë“œì½”ë“œ\integrated_management_system\src\toolbox\ui_kit\modern_dialog.py)
2025-08-16 05:30:53 - main - ERROR - ì• í”Œë¦¬ì¼€ì´ì…˜ ì‹œì‘ ì‹¤íŒ¨: cannot import name 'ModernInputDialog' from 'src.toolbox.ui_kit.modern_dialog' (c:\Users\wogud\OneDrive\Desktop\í´ë¡œë“œì½”ë“œ\integrated_management_system\src\toolbox\ui_kit\modern_dialog.py)
2025-08-16 05:31:31 - main - ERROR - ê¸°ëŠ¥ ëª¨ë“ˆ ë¡œë“œ ì‹¤íŒ¨: No module named 'src.desktop.common_log'
2025-08-16 05:31:31 - desktop.app - ERROR - ì• í”Œë¦¬ì¼€ì´ì…˜ ì‹¤í–‰ ì‹¤íŒ¨: No module named 'src.desktop.common_log'
2025-08-16 05:31:31 - main - ERROR - ì• í”Œë¦¬ì¼€ì´ì…˜ ì‹œì‘ ì‹¤íŒ¨: No module named 'src.desktop.common_log'
2025-08-16 05:32:18 - main - ERROR - ê¸°ëŠ¥ ëª¨ë“ˆ ë¡œë“œ ì‹¤íŒ¨: No module named 'src.desktop.modern_style'
2025-08-16 05:32:18 - desktop.app - ERROR - ì• í”Œë¦¬ì¼€ì´ì…˜ ì‹¤í–‰ ì‹¤íŒ¨: No module named 'src.desktop.modern_style'
2025-08-16 05:32:18 - main - ERROR - ì• í”Œë¦¬ì¼€ì´ì…˜ ì‹œì‘ ì‹¤íŒ¨: No module named 'src.desktop.modern_style'
2025-08-16 05:32:53 - main - ERROR - ê¸°ëŠ¥ ëª¨ë“ˆ ë¡œë“œ ì‹¤íŒ¨: cannot import name 'rank_tracking_excel_exporter' from 'src.features.rank_tracking.excel_export' (C:\Users\wogud\OneDrive\Desktop\í´ë¡œë“œì½”ë“œ\integrated_management_system\src\features\rank_tracking\excel_export.py)
2025-08-16 05:32:53 - desktop.app - ERROR - ì• í”Œë¦¬ì¼€ì´ì…˜ ì‹¤í–‰ ì‹¤íŒ¨: cannot import name 'rank_tracking_excel_exporter' from 'src.features.rank_tracking.excel_export' (C:\Users\wogud\OneDrive\Desktop\í´ë¡œë“œì½”ë“œ\integrated_management_system\src\features\rank_tracking\excel_export.py)
2025-08-16 05:32:53 - main - ERROR - ì• í”Œë¦¬ì¼€ì´ì…˜ ì‹œì‘ ì‹¤íŒ¨: cannot import name 'rank_tracking_excel_exporter' from 'src.features.rank_tracking.excel_export' (C:\Users\wogud\OneDrive\Desktop\í´ë¡œë“œì½”ë“œ\integrated_management_system\src\features\rank_tracking\excel_export.py)
2025-08-16 05:43:59 - main - ERROR - ì• í”Œë¦¬ì¼€ì´ì…˜ ì‹œì‘ ì‹¤íŒ¨: No module named 'src.desktop.modern_style'
2025-08-16 05:44:41 - main - ERROR - ì• í”Œë¦¬ì¼€ì´ì…˜ ì‹œì‘ ì‹¤íŒ¨: No module named 'src.desktop.modern_style'
2025-08-16 05:58:22 - main - ERROR - ì• í”Œë¦¬ì¼€ì´ì…˜ ì‹œì‘ ì‹¤íŒ¨: No module named 'src.toolbox.ui_kit.file_dialog'
2025-08-16 05:58:25 - main - ERROR - ì• í”Œë¦¬ì¼€ì´ì…˜ ì‹œì‘ ì‹¤íŒ¨: No module named 'src.toolbox.ui_kit.file_dialog'
2025-08-16 06:01:27 - features.rank_tracking.service - ERROR - í‚¤ì›Œë“œ ì¶”ê°€ ì‹¤íŒ¨: ê°•ì•„ì§€ê°„ì‹: í‚¤ì›Œë“œ 'ê°•ì•„ì§€ê°„ì‹'ëŠ” ì´ë¯¸ ë“±ë¡ë˜ì–´ ìˆìŠµë‹ˆë‹¤.
2025-08-16 06:01:27 - features.rank_tracking.view_model - ERROR - í‚¤ì›Œë“œ ì¶”ê°€ ì‹¤íŒ¨: í‚¤ì›Œë“œ ì¶”ê°€ ì‹¤íŒ¨: í‚¤ì›Œë“œ 'ê°•ì•„ì§€ê°„ì‹'ëŠ” ì´ë¯¸ ë“±ë¡ë˜ì–´ ìˆìŠµë‹ˆë‹¤.
2025-08-16 06:01:27 - features.rank_tracking.service - ERROR - í‚¤ì›Œë“œ ì¶”ê°€ ì‹¤íŒ¨: ê°œê»Œ: í‚¤ì›Œë“œ 'ê°œê»Œ'ëŠ” ì´ë¯¸ ë“±ë¡ë˜ì–´ ìˆìŠµë‹ˆë‹¤.
2025-08-16 06:01:27 - features.rank_tracking.view_model - ERROR - í‚¤ì›Œë“œ ì¶”ê°€ ì‹¤íŒ¨: í‚¤ì›Œë“œ ì¶”ê°€ ì‹¤íŒ¨: í‚¤ì›Œë“œ 'ê°œê»Œ'ëŠ” ì´ë¯¸ ë“±ë¡ë˜ì–´ ìˆìŠµë‹ˆë‹¤.
2025-08-16 06:01:27 - features.rank_tracking.service - ERROR - í‚¤ì›Œë“œ ì¶”ê°€ ì‹¤íŒ¨: ê°•ì•„ì§€ê»Œ: í‚¤ì›Œë“œ 'ê°•ì•„ì§€ê»Œ'ëŠ” ì´ë¯¸ ë“±ë¡ë˜ì–´ ìˆìŠµë‹ˆë‹¤.
2025-08-16 06:01:27 - features.rank_tracking.view_model - ERROR - í‚¤ì›Œë“œ ì¶”ê°€ ì‹¤íŒ¨: í‚¤ì›Œë“œ ì¶”ê°€ ì‹¤íŒ¨: í‚¤ì›Œë“œ 'ê°•ì•„ì§€ê»Œ'ëŠ” ì´ë¯¸ ë“±ë¡ë˜ì–´ ìˆìŠµë‹ˆë‹¤.
2025-08-16 06:01:27 - features.rank_tracking.service - ERROR - í‚¤ì›Œë“œ ì¶”ê°€ ì‹¤íŒ¨: ì• ê²¬ê°„ì‹: í‚¤ì›Œë“œ 'ì• ê²¬ê°„ì‹'ëŠ” ì´ë¯¸ ë“±ë¡ë˜ì–´ ìˆìŠµë‹ˆë‹¤.
2025-08-16 06:01:27 - features.rank_tracking.view_model - ERROR - í‚¤ì›Œë“œ ì¶”ê°€ ì‹¤íŒ¨: í‚¤ì›Œë“œ ì¶”ê°€ ì‹¤íŒ¨: í‚¤ì›Œë“œ 'ì• ê²¬ê°„ì‹'ëŠ” ì´ë¯¸ ë“±ë¡ë˜ì–´ ìˆìŠµë‹ˆë‹¤.
2025-08-16 06:01:27 - features.rank_tracking.service - ERROR - í‚¤ì›Œë“œ ì¶”ê°€ ì‹¤íŒ¨: ê°•ì•„ì§€ìš°ìœ ê»Œ: í‚¤ì›Œë“œ 'ê°•ì•„ì§€ìš°ìœ ê»Œ'ëŠ” ì´ë¯¸ ë“±ë¡ë˜ì–´ ìˆìŠµë‹ˆë‹¤.
2025-08-16 06:01:27 - features.rank_tracking.view_model - ERROR - í‚¤ì›Œë“œ ì¶”ê°€ ì‹¤íŒ¨: í‚¤ì›Œë“œ ì¶”ê°€ ì‹¤íŒ¨: í‚¤ì›Œë“œ 'ê°•ì•„ì§€ìš°ìœ ê»Œ'ëŠ” ì´ë¯¸ ë“±ë¡ë˜ì–´ ìˆìŠµë‹ˆë‹¤.
2025-08-16 06:01:27 - features.rank_tracking.service - ERROR - í‚¤ì›Œë“œ ì¶”ê°€ ì‹¤íŒ¨: ê°œê°„ì‹: í‚¤ì›Œë“œ 'ê°œê°„ì‹'ëŠ” ì´ë¯¸ ë“±ë¡ë˜ì–´ ìˆìŠµë‹ˆë‹¤.
2025-08-16 06:01:27 - features.rank_tracking.view_model - ERROR - í‚¤ì›Œë“œ ì¶”ê°€ ì‹¤íŒ¨: í‚¤ì›Œë“œ ì¶”ê°€ ì‹¤íŒ¨: í‚¤ì›Œë“œ 'ê°œê°„ì‹'ëŠ” ì´ë¯¸ ë“±ë¡ë˜ì–´ ìˆìŠµë‹ˆë‹¤.
2025-08-16 06:19:59 - features.rank_tracking.ranking_table_widget - ERROR - ìµœì‹  í™•ì¸ ì‹œê°„ ì¡°íšŒ ì‹¤íŒ¨: CommonDB.get_latest_rankings() got an unexpected keyword argument 'limit'
2025-08-16 06:26:03 - features.rank_tracking.ranking_table_widget - ERROR - ì—‘ì…€ ë‚´ë³´ë‚´ê¸° ì¤‘ ì˜¤ë¥˜: 'RankTrackingExcelExporter' object has no attribute 'show_save_dialog_and_export'
2025-08-16 06:31:13 - features.rank_tracking.excel_export - ERROR - ìˆœìœ„ ì´ë ¥ ì—‘ì…€ ì €ì¥ ì¤‘ ì˜¤ë¥˜: 'str' object has no attribute 'strftime'
2025-08-16 06:34:13 - features.rank_tracking.ui - ERROR - ë‹¤ì¤‘ í”„ë¡œì íŠ¸ ì„ íƒ ì²˜ë¦¬ ì˜¤ë¥˜: 'RankingTableWidget' object has no attribute 'set_selected_projects'
2025-08-16 06:34:16 - features.rank_tracking.excel_export - ERROR - ìˆœìœ„ ì´ë ¥ ì—‘ì…€ ì €ì¥ ì¤‘ ì˜¤ë¥˜: 'str' object has no attribute 'strftime'
2025-08-16 06:38:15 - features.rank_tracking.excel_export - ERROR - ìˆœìœ„ ì´ë ¥ ì—‘ì…€ ì €ì¥ ì¤‘ ì˜¤ë¥˜: 'str' object has no attribute 'strftime'
2025-08-16 06:39:49 - features.rank_tracking.excel_export - ERROR - ìˆœìœ„ ì´ë ¥ ì—‘ì…€ ì €ì¥ ì¤‘ ì˜¤ë¥˜: 'str' object has no attribute 'strftime'
2025-08-16 06:40:02 - features.rank_tracking.excel_export - ERROR - ìˆœìœ„ ì´ë ¥ ì—‘ì…€ ì €ì¥ ì¤‘ ì˜¤ë¥˜: 'str' object has no attribute 'strftime'
2025-08-16 06:40:02 - features.rank_tracking.excel_export - ERROR - ìˆœìœ„ ì´ë ¥ ì—‘ì…€ ì €ì¥ ì¤‘ ì˜¤ë¥˜: 'str' object has no attribute 'strftime'
2025-08-16 06:40:02 - features.rank_tracking.ranking_table_widget - ERROR - ì €ì¥í•  í”„ë¡œì íŠ¸ ë°ì´í„°ê°€ ì—†ìŠµë‹ˆë‹¤
2025-08-16 06:43:00 - features.rank_tracking.excel_export - ERROR - ìˆœìœ„ ì´ë ¥ ì—‘ì…€ ì €ì¥ ì¤‘ ì˜¤ë¥˜: 'str' object has no attribute 'strftime'
2025-08-16 06:57:08 - features.rank_tracking.excel_export - ERROR - ì—‘ì…€ íŒŒì¼ ìƒì„± ì¤‘ ì˜¤ë¥˜: invalid literal for int() with base 10: '200 ë°–'
2025-08-16 06:57:08 - features.rank_tracking.excel_export - ERROR - ìˆœìœ„ ì´ë ¥ ì—‘ì…€ íŒŒì¼ ìƒì„± ì‹¤íŒ¨
2025-08-16 07:02:12 - features.rank_tracking.ranking_table_widget - ERROR - í”„ë¡œì íŠ¸ 12 ì²˜ë¦¬ ì‹¤íŒ¨: unhashable type: 'StyleProxy'
2025-08-16 07:02:12 - features.rank_tracking.ranking_table_widget - ERROR - í”„ë¡œì íŠ¸ 11 ì²˜ë¦¬ ì‹¤íŒ¨: unhashable type: 'StyleProxy'
2025-08-16 07:02:12 - features.rank_tracking.ranking_table_widget - ERROR - í”„ë¡œì íŠ¸ 10 ì²˜ë¦¬ ì‹¤íŒ¨: unhashable type: 'StyleProxy'
2025-08-16 07:02:12 - features.rank_tracking.ranking_table_widget - ERROR - ì €ì¥í•  í”„ë¡œì íŠ¸ ë°ì´í„°ê°€ ì—†ìŠµë‹ˆë‹¤
2025-08-16 07:05:36 - features.rank_tracking.ranking_table_widget - ERROR - ë‹¤ì¤‘ í”„ë¡œì íŠ¸ ë‚´ë³´ë‚´ê¸° ì˜¤ë¥˜: cannot import name 'ModernSaveFileDialog' from 'src.toolbox.ui_kit' (c:\Users\wogud\OneDrive\Desktop\í´ë¡œë“œì½”ë“œ\integrated_management_system\src\toolbox\ui_kit\__init__.py)
2025-08-16 07:05:38 - features.rank_tracking.ranking_table_widget - ERROR - ë‹¤ì¤‘ í”„ë¡œì íŠ¸ ë‚´ë³´ë‚´ê¸° ì˜¤ë¥˜: cannot import name 'ModernSaveFileDialog' from 'src.toolbox.ui_kit' (c:\Users\wogud\OneDrive\Desktop\í´ë¡œë“œì½”ë“œ\integrated_management_system\src\toolbox\ui_kit\__init__.py)
2025-08-16 07:05:47 - features.rank_tracking.ranking_table_widget - ERROR - ë‹¤ì¤‘ í”„ë¡œì íŠ¸ ë‚´ë³´ë‚´ê¸° ì˜¤ë¥˜: cannot import name 'ModernSaveFileDialog' from 'src.toolbox.ui_kit' (c:\Users\wogud\OneDrive\Desktop\í´ë¡œë“œì½”ë“œ\integrated_management_system\src\toolbox\ui_kit\__init__.py)
2025-08-16 07:06:40 - features.rank_tracking.excel_export - ERROR - í”„ë¡œì íŠ¸ 12 ì²˜ë¦¬ ì¤‘ ì˜¤ë¥˜: unhashable type: 'StyleProxy'
2025-08-16 07:06:40 - features.rank_tracking.excel_export - ERROR - í”„ë¡œì íŠ¸ 11 ì²˜ë¦¬ ì¤‘ ì˜¤ë¥˜: unhashable type: 'StyleProxy'
2025-08-16 07:06:40 - features.rank_tracking.excel_export - ERROR - í”„ë¡œì íŠ¸ 10 ì²˜ë¦¬ ì¤‘ ì˜¤ë¥˜: unhashable type: 'StyleProxy'
2025-08-16 07:11:52 - features.rank_tracking.excel_export - ERROR - í”„ë¡œì íŠ¸ 12 ì²˜ë¦¬ ì¤‘ ì˜¤ë¥˜: unhashable type: 'StyleProxy'
2025-08-16 07:11:52 - features.rank_tracking.excel_export - ERROR - í”„ë¡œì íŠ¸ 11 ì²˜ë¦¬ ì¤‘ ì˜¤ë¥˜: unhashable type: 'StyleProxy'
2025-08-16 07:11:52 - features.rank_tracking.excel_export - ERROR - í”„ë¡œì íŠ¸ 10 ì²˜ë¦¬ ì¤‘ ì˜¤ë¥˜: unhashable type: 'StyleProxy'
2025-08-16 07:15:52 - features.rank_tracking.ranking_table_widget - ERROR - ë‹¨ì¼ í”„ë¡œì íŠ¸ ë‚´ë³´ë‚´ê¸° ì˜¤ë¥˜: ExcelExportDialog() takes no arguments
2025-08-16 07:15:53 - features.rank_tracking.ranking_table_widget - ERROR - ë‹¨ì¼ í”„ë¡œì íŠ¸ ë‚´ë³´ë‚´ê¸° ì˜¤ë¥˜: ExcelExportDialog() takes no arguments
2025-08-16 07:16:19 - features.rank_tracking.ranking_table_widget - ERROR - ë‹¨ì¼ í”„ë¡œì íŠ¸ ë‚´ë³´ë‚´ê¸° ì˜¤ë¥˜: ExcelExportDialog() takes no arguments
2025-08-16 07:16:21 - features.rank_tracking.ranking_table_widget - ERROR - ë‹¨ì¼ í”„ë¡œì íŠ¸ ë‚´ë³´ë‚´ê¸° ì˜¤ë¥˜: ExcelExportDialog() takes no arguments
2025-08-16 07:16:35 - features.rank_tracking.ranking_table_widget - ERROR - ë‹¤ì¤‘ í”„ë¡œì íŠ¸ ë‚´ë³´ë‚´ê¸° ì˜¤ë¥˜: ExcelExportDialog() takes no arguments
2025-08-16 07:24:36 - features.rank_tracking.excel_export - ERROR - í”„ë¡œì íŠ¸ 12 ì²˜ë¦¬ ì¤‘ ì˜¤ë¥˜: unhashable type: 'StyleProxy'
2025-08-16 07:24:36 - features.rank_tracking.excel_export - ERROR - í”„ë¡œì íŠ¸ 11 ì²˜ë¦¬ ì¤‘ ì˜¤ë¥˜: unhashable type: 'StyleProxy'
2025-08-16 07:25:47 - features.rank_tracking.excel_export - ERROR - í”„ë¡œì íŠ¸ 10 ì²˜ë¦¬ ì¤‘ ì˜¤ë¥˜: [WinError 32] ë‹¤ë¥¸ í”„ë¡œì„¸ìŠ¤ê°€ íŒŒì¼ì„ ì‚¬ìš© ì¤‘ì´ê¸° ë•Œë¬¸ì— í”„ë¡œì„¸ìŠ¤ê°€ ì•¡ì„¸ìŠ¤ í•  ìˆ˜ ì—†ìŠµë‹ˆë‹¤: 'temp_project_10.xlsx'
2025-08-16 07:26:14 - features.rank_tracking.excel_export - ERROR - í”„ë¡œì íŠ¸ 12 ì²˜ë¦¬ ì¤‘ ì˜¤ë¥˜: [WinError 32] ë‹¤ë¥¸ í”„ë¡œì„¸ìŠ¤ê°€ íŒŒì¼ì„ ì‚¬ìš© ì¤‘ì´ê¸° ë•Œë¬¸ì— í”„ë¡œì„¸ìŠ¤ê°€ ì•¡ì„¸ìŠ¤ í•  ìˆ˜ ì—†ìŠµë‹ˆë‹¤: 'temp_project_12.xlsx'
2025-08-16 07:26:14 - features.rank_tracking.excel_export - ERROR - í”„ë¡œì íŠ¸ 11 ì²˜ë¦¬ ì¤‘ ì˜¤ë¥˜: [WinError 32] ë‹¤ë¥¸ í”„ë¡œì„¸ìŠ¤ê°€ íŒŒì¼ì„ ì‚¬ìš© ì¤‘ì´ê¸° ë•Œë¬¸ì— í”„ë¡œì„¸ìŠ¤ê°€ ì•¡ì„¸ìŠ¤ í•  ìˆ˜ ì—†ìŠµë‹ˆë‹¤: 'temp_project_11.xlsx'
2025-08-16 07:26:14 - features.rank_tracking.excel_export - ERROR - í”„ë¡œì íŠ¸ 10 ì²˜ë¦¬ ì¤‘ ì˜¤ë¥˜: [WinError 32] ë‹¤ë¥¸ í”„ë¡œì„¸ìŠ¤ê°€ íŒŒì¼ì„ ì‚¬ìš© ì¤‘ì´ê¸° ë•Œë¬¸ì— í”„ë¡œì„¸ìŠ¤ê°€ ì•¡ì„¸ìŠ¤ í•  ìˆ˜ ì—†ìŠµë‹ˆë‹¤: 'temp_project_10.xlsx'
2025-08-16 07:26:14 - features.rank_tracking.excel_export - ERROR - í”„ë¡œì íŠ¸ 9 ì²˜ë¦¬ ì¤‘ ì˜¤ë¥˜: [WinError 32] ë‹¤ë¥¸ í”„ë¡œì„¸ìŠ¤ê°€ íŒŒì¼ì„ ì‚¬ìš© ì¤‘ì´ê¸° ë•Œë¬¸ì— í”„ë¡œì„¸ìŠ¤ê°€ ì•¡ì„¸ìŠ¤ í•  ìˆ˜ ì—†ìŠµë‹ˆë‹¤: 'temp_project_9.xlsx'
2025-08-16 15:54:02 - features.naver_cafe - ERROR - ë„¤ì´ë²„ ì¹´í˜ ê¸°ëŠ¥ ë“±ë¡ ì‹¤íŒ¨: type object 'ModernStyle' has no attribute 'DEFAULT_FONT'
2025-08-16 15:54:02 - desktop.app - ERROR - ì• í”Œë¦¬ì¼€ì´ì…˜ ì‹¤í–‰ ì‹¤íŒ¨: type object 'ModernStyle' has no attribute 'DEFAULT_FONT'
2025-08-16 15:54:02 - main - ERROR - ì• í”Œë¦¬ì¼€ì´ì…˜ ì‹œì‘ ì‹¤íŒ¨: type object 'ModernStyle' has no attribute 'DEFAULT_FONT'
2025-08-16 15:59:59 - desktop.app - ERROR - ì• í”Œë¦¬ì¼€ì´ì…˜ ì‹¤í–‰ ì‹¤íŒ¨: name 'Signal' is not defined
2025-08-16 15:59:59 - main - ERROR - ì• í”Œë¦¬ì¼€ì´ì…˜ ì‹œì‘ ì‹¤íŒ¨: name 'Signal' is not defined
2025-08-16 16:00:52 - desktop.app - ERROR - ì• í”Œë¦¬ì¼€ì´ì…˜ ì‹¤í–‰ ì‹¤íŒ¨: name 'Signal' is not defined
2025-08-16 16:00:52 - main - ERROR - ì• í”Œë¦¬ì¼€ì´ì…˜ ì‹œì‘ ì‹¤íŒ¨: name 'Signal' is not defined
2025-08-16 16:01:24 - main - ERROR - ì• í”Œë¦¬ì¼€ì´ì…˜ ì‹œì‘ ì‹¤íŒ¨: name 'Signal' is not defined
2025-08-16 16:02:09 - main - ERROR - ì• í”Œë¦¬ì¼€ì´ì…˜ ì‹œì‘ ì‹¤íŒ¨: name 'Signal' is not defined
2025-08-16 16:05:08 - main - ERROR - ì• í”Œë¦¬ì¼€ì´ì…˜ ì‹œì‘ ì‹¤íŒ¨: name 'Signal' is not defined
2025-08-16 16:05:20 - main - ERROR - ì• í”Œë¦¬ì¼€ì´ì…˜ ì‹œì‘ ì‹¤íŒ¨: name 'Signal' is not defined
2025-08-16 16:05:22 - main - ERROR - ì• í”Œë¦¬ì¼€ì´ì…˜ ì‹œì‘ ì‹¤íŒ¨: name 'Signal' is not defined
2025-08-16 16:05:29 - main - ERROR - ì• í”Œë¦¬ì¼€ì´ì…˜ ì‹œì‘ ì‹¤íŒ¨: name 'Signal' is not defined
2025-08-16 16:05:31 - main - ERROR - ì• í”Œë¦¬ì¼€ì´ì…˜ ì‹œì‘ ì‹¤íŒ¨: name 'Signal' is not defined
2025-08-16 16:05:33 - main - ERROR - ì• í”Œë¦¬ì¼€ì´ì…˜ ì‹œì‘ ì‹¤íŒ¨: name 'Signal' is not defined
2025-08-16 16:05:37 - main - ERROR - ì• í”Œë¦¬ì¼€ì´ì…˜ ì‹œì‘ ì‹¤íŒ¨: name 'Signal' is not defined
2025-08-16 16:05:38 - main - ERROR - ì• í”Œë¦¬ì¼€ì´ì…˜ ì‹œì‘ ì‹¤íŒ¨: name 'Signal' is not defined
2025-08-16 16:06:00 - main - ERROR - ì• í”Œë¦¬ì¼€ì´ì…˜ ì‹œì‘ ì‹¤íŒ¨: name 'Signal' is not defined
2025-08-16 16:06:22 - main - ERROR - ê¸°ëŠ¥ ëª¨ë“ˆ ë¡œë“œ ì‹¤íŒ¨: name 'Signal' is not defined
2025-08-16 16:06:22 - main - ERROR - ìƒì„¸ ì˜¤ë¥˜: Traceback (most recent call last):
  File "C:\Users\wogud\OneDrive\Desktop\í´ë¡œë“œì½”ë“œ\integrated_management_system\main.py", line 29, in load_features
    from src.features.rank_tracking import register as register_rank_tracking
  File "C:\Users\wogud\OneDrive\Desktop\í´ë¡œë“œì½”ë“œ\integrated_management_system\src\features\rank_tracking\__init__.py", line 9, in <module>
    from .ui import RankTrackingWidget
  File "C:\Users\wogud\OneDrive\Desktop\í´ë¡œë“œì½”ë“œ\integrated_management_system\src\features\rank_tracking\ui.py", line 14, in <module>
    from .project_list_widget import ProjectListWidget
  File "C:\Users\wogud\OneDrive\Desktop\í´ë¡œë“œì½”ë“œ\integrated_management_system\src\features\rank_tracking\project_list_widget.py", line 19, in <module>
    from .service import rank_tracking_service
  File "C:\Users\wogud\OneDrive\Desktop\í´ë¡œë“œì½”ë“œ\integrated_management_system\src\features\rank_tracking\service.py", line 158, in <module>
    class RankTrackingService(QObject):
    ...<1136 lines>...
                return []
  File "C:\Users\wogud\OneDrive\Desktop\í´ë¡œë“œì½”ë“œ\integrated_management_system\src\features\rank_tracking\service.py", line 162, in RankTrackingService
    progress_updated = Signal(int, int, str)    # (í˜„ì¬, ì „ì²´, ë©”ì‹œì§€)
                       ^^^^^^
NameError: name 'Signal' is not defined

2025-08-16 16:06:22 - desktop.app - ERROR - ì• í”Œë¦¬ì¼€ì´ì…˜ ì‹¤í–‰ ì‹¤íŒ¨: name 'Signal' is not defined
2025-08-16 16:06:22 - main - ERROR - ì• í”Œë¦¬ì¼€ì´ì…˜ ì‹œì‘ ì‹¤íŒ¨: name 'Signal' is not defined
2025-08-16 16:06:35 - features.naver_cafe - ERROR - ë„¤ì´ë²„ ì¹´í˜ ê¸°ëŠ¥ ë“±ë¡ ì‹¤íŒ¨: type object 'ModernStyle' has no attribute 'FONT_SIZE_HEADER'
2025-08-16 16:06:35 - main - ERROR - ê¸°ëŠ¥ ëª¨ë“ˆ ë¡œë“œ ì‹¤íŒ¨: type object 'ModernStyle' has no attribute 'FONT_SIZE_HEADER'
2025-08-16 16:06:35 - main - ERROR - ìƒì„¸ ì˜¤ë¥˜: Traceback (most recent call last):
  File "C:\Users\wogud\OneDrive\Desktop\í´ë¡œë“œì½”ë“œ\integrated_management_system\main.py", line 36, in load_features
    register_naver_cafe(app)
    ~~~~~~~~~~~~~~~~~~~^^^^^
  File "C:\Users\wogud\OneDrive\Desktop\í´ë¡œë“œì½”ë“œ\integrated_management_system\src\features\naver_cafe\__init__.py", line 14, in register
    tab_widget = NaverCafeExtractorWidget()
  File "C:\Users\wogud\OneDrive\Desktop\í´ë¡œë“œì½”ë“œ\integrated_management_system\src\features\naver_cafe\ui.py", line 118, in __init__
    self.setup_ui()
    ~~~~~~~~~~~~~^^
  File "C:\Users\wogud\OneDrive\Desktop\í´ë¡œë“œì½”ë“œ\integrated_management_system\src\features\naver_cafe\ui.py", line 134, in setup_ui
    left_panel = self.create_settings_panel()
  File "C:\Users\wogud\OneDrive\Desktop\í´ë¡œë“œì½”ë“œ\integrated_management_system\src\features\naver_cafe\ui.py", line 226, in create_settings_panel
    progress_card = ModernCard("ğŸ“Š ì§„í–‰ìƒí™©")
                    ~~~~~~~~~~^^^^^^^^^^^^^^^
  File "C:\Users\wogud\OneDrive\Desktop\í´ë¡œë“œì½”ë“œ\integrated_management_system\src\toolbox\ui_kit\components.py", line 137, in __init__
    self._setup_ui()
    ~~~~~~~~~~~~~~^^
  File "C:\Users\wogud\OneDrive\Desktop\í´ë¡œë“œì½”ë“œ\integrated_management_system\src\toolbox\ui_kit\components.py", line 148, in _setup_ui
    self.title_label.setFont(QFont(ModernStyle.DEFAULT_FONT, ModernStyle.FONT_SIZE_HEADER, QFont.Bold))
                                                             ^^^^^^^^^^^^^^^^^^^^^^^^^^^^
AttributeError: type object 'ModernStyle' has no attribute 'FONT_SIZE_HEADER'

2025-08-16 16:06:35 - desktop.app - ERROR - ì• í”Œë¦¬ì¼€ì´ì…˜ ì‹¤í–‰ ì‹¤íŒ¨: type object 'ModernStyle' has no attribute 'FONT_SIZE_HEADER'
2025-08-16 16:06:35 - main - ERROR - ì• í”Œë¦¬ì¼€ì´ì…˜ ì‹œì‘ ì‹¤íŒ¨: type object 'ModernStyle' has no attribute 'FONT_SIZE_HEADER'
2025-08-16 16:07:05 - features.naver_cafe - ERROR - ë„¤ì´ë²„ ì¹´í˜ ê¸°ëŠ¥ ë“±ë¡ ì‹¤íŒ¨: type object 'ModernStyle' has no attribute 'CARD_COLOR'
2025-08-16 16:07:05 - main - ERROR - ê¸°ëŠ¥ ëª¨ë“ˆ ë¡œë“œ ì‹¤íŒ¨: type object 'ModernStyle' has no attribute 'CARD_COLOR'
2025-08-16 16:07:05 - main - ERROR - ìƒì„¸ ì˜¤ë¥˜: Traceback (most recent call last):
  File "C:\Users\wogud\OneDrive\Desktop\í´ë¡œë“œì½”ë“œ\integrated_management_system\main.py", line 36, in load_features
    register_naver_cafe(app)
    ~~~~~~~~~~~~~~~~~~~^^^^^
  File "C:\Users\wogud\OneDrive\Desktop\í´ë¡œë“œì½”ë“œ\integrated_management_system\src\features\naver_cafe\__init__.py", line 14, in register
    tab_widget = NaverCafeExtractorWidget()
  File "C:\Users\wogud\OneDrive\Desktop\í´ë¡œë“œì½”ë“œ\integrated_management_system\src\features\naver_cafe\ui.py", line 118, in __init__
    self.setup_ui()
    ~~~~~~~~~~~~~^^
  File "C:\Users\wogud\OneDrive\Desktop\í´ë¡œë“œì½”ë“œ\integrated_management_system\src\features\naver_cafe\ui.py", line 134, in setup_ui
    left_panel = self.create_settings_panel()
  File "C:\Users\wogud\OneDrive\Desktop\í´ë¡œë“œì½”ë“œ\integrated_management_system\src\features\naver_cafe\ui.py", line 226, in create_settings_panel
    progress_card = ModernCard("ğŸ“Š ì§„í–‰ìƒí™©")
                    ~~~~~~~~~~^^^^^^^^^^^^^^^
  File "C:\Users\wogud\OneDrive\Desktop\í´ë¡œë“œì½”ë“œ\integrated_management_system\src\toolbox\ui_kit\components.py", line 138, in __init__
    self._setup_style()
    ~~~~~~~~~~~~~~~~~^^
  File "C:\Users\wogud\OneDrive\Desktop\í´ë¡œë“œì½”ë“œ\integrated_management_system\src\toolbox\ui_kit\components.py", line 155, in _setup_style
    background-color: {ModernStyle.CARD_COLOR};
                       ^^^^^^^^^^^^^^^^^^^^^^
AttributeError: type object 'ModernStyle' has no attribute 'CARD_COLOR'

2025-08-16 16:07:05 - desktop.app - ERROR - ì• í”Œë¦¬ì¼€ì´ì…˜ ì‹¤í–‰ ì‹¤íŒ¨: type object 'ModernStyle' has no attribute 'CARD_COLOR'
2025-08-16 16:07:05 - main - ERROR - ì• í”Œë¦¬ì¼€ì´ì…˜ ì‹œì‘ ì‹¤íŒ¨: type object 'ModernStyle' has no attribute 'CARD_COLOR'
2025-08-16 16:07:23 - features.naver_cafe - ERROR - ë„¤ì´ë²„ ì¹´í˜ ê¸°ëŠ¥ ë“±ë¡ ì‹¤íŒ¨: type object 'ModernStyle' has no attribute 'MUTED_COLOR'
2025-08-16 16:07:23 - main - ERROR - ê¸°ëŠ¥ ëª¨ë“ˆ ë¡œë“œ ì‹¤íŒ¨: type object 'ModernStyle' has no attribute 'MUTED_COLOR'
2025-08-16 16:07:23 - main - ERROR - ìƒì„¸ ì˜¤ë¥˜: Traceback (most recent call last):
  File "C:\Users\wogud\OneDrive\Desktop\í´ë¡œë“œì½”ë“œ\integrated_management_system\main.py", line 36, in load_features
    register_naver_cafe(app)
    ~~~~~~~~~~~~~~~~~~~^^^^^
  File "C:\Users\wogud\OneDrive\Desktop\í´ë¡œë“œì½”ë“œ\integrated_management_system\src\features\naver_cafe\__init__.py", line 14, in register
    tab_widget = NaverCafeExtractorWidget()
  File "C:\Users\wogud\OneDrive\Desktop\í´ë¡œë“œì½”ë“œ\integrated_management_system\src\features\naver_cafe\ui.py", line 118, in __init__
    self.setup_ui()
    ~~~~~~~~~~~~~^^
  File "C:\Users\wogud\OneDrive\Desktop\í´ë¡œë“œì½”ë“œ\integrated_management_system\src\features\naver_cafe\ui.py", line 134, in setup_ui
    left_panel = self.create_settings_panel()
  File "C:\Users\wogud\OneDrive\Desktop\í´ë¡œë“œì½”ë“œ\integrated_management_system\src\features\naver_cafe\ui.py", line 241, in create_settings_panel
    self.search_button = ModernButton("ê²€ìƒ‰", "primary")
                         ~~~~~~~~~~~~^^^^^^^^^^^^^^^^^^^
  File "C:\Users\wogud\OneDrive\Desktop\í´ë¡œë“œì½”ë“œ\integrated_management_system\src\toolbox\ui_kit\components.py", line 26, in __init__
    self._setup_style()
    ~~~~~~~~~~~~~~~~~^^
  File "C:\Users\wogud\OneDrive\Desktop\í´ë¡œë“œì½”ë“œ\integrated_management_system\src\toolbox\ui_kit\components.py", line 58, in _setup_style
    background-color: {ModernStyle.MUTED_COLOR};
                       ^^^^^^^^^^^^^^^^^^^^^^^
AttributeError: type object 'ModernStyle' has no attribute 'MUTED_COLOR'

2025-08-16 16:07:23 - desktop.app - ERROR - ì• í”Œë¦¬ì¼€ì´ì…˜ ì‹¤í–‰ ì‹¤íŒ¨: type object 'ModernStyle' has no attribute 'MUTED_COLOR'
2025-08-16 16:07:23 - main - ERROR - ì• í”Œë¦¬ì¼€ì´ì…˜ ì‹œì‘ ì‹¤íŒ¨: type object 'ModernStyle' has no attribute 'MUTED_COLOR'
2025-08-16 16:10:18 - features.rank_tracking.ranking_table_widget - ERROR - í‚¤ì›Œë“œ 'ê°•ì•„ì§€ê°„ì‹' ì •ë³´ ì—…ë°ì´íŠ¸ ì‹¤íŒ¨: 'RankTrackingService' object has no attribute '_update_keyword_info_realtime'
2025-08-16 16:10:18 - features.rank_tracking.ranking_table_widget - ERROR - í‚¤ì›Œë“œ 'ê°•ì•„ì§€ê»Œ' ì •ë³´ ì—…ë°ì´íŠ¸ ì‹¤íŒ¨: 'RankTrackingService' object has no attribute '_update_keyword_info_realtime'
2025-08-16 16:10:19 - features.rank_tracking.ranking_table_widget - ERROR - í‚¤ì›Œë“œ 'ê°•ì•„ì§€ì˜¤ë˜ë¨¹ëŠ”ê°„ì‹' ì •ë³´ ì—…ë°ì´íŠ¸ ì‹¤íŒ¨: 'RankTrackingService' object has no attribute '_update_keyword_info_realtime'
2025-08-16 16:10:19 - features.rank_tracking.ranking_table_widget - ERROR - í‚¤ì›Œë“œ 'ê°•ì•„ì§€ì´ê°ˆì´ê°„ì‹' ì •ë³´ ì—…ë°ì´íŠ¸ ì‹¤íŒ¨: 'RankTrackingService' object has no attribute '_update_keyword_info_realtime'
2025-08-16 16:10:20 - features.rank_tracking.ranking_table_widget - ERROR - í‚¤ì›Œë“œ 'ê°•ì•„ì§€ì¹ ë©´ì¡°ê°„ì‹' ì •ë³´ ì—…ë°ì´íŠ¸ ì‹¤íŒ¨: 'RankTrackingService' object has no attribute '_update_keyword_info_realtime'
2025-08-16 16:10:20 - features.rank_tracking.ranking_table_widget - ERROR - í‚¤ì›Œë“œ 'ê°•ì•„ì§€í„°í‚¤ì¸„' ì •ë³´ ì—…ë°ì´íŠ¸ ì‹¤íŒ¨: 'RankTrackingService' object has no attribute '_update_keyword_info_realtime'
2025-08-16 16:10:21 - features.rank_tracking.ranking_table_widget - ERROR - í‚¤ì›Œë“œ 'ê°œê°„ì‹' ì •ë³´ ì—…ë°ì´íŠ¸ ì‹¤íŒ¨: 'RankTrackingService' object has no attribute '_update_keyword_info_realtime'
2025-08-16 16:10:21 - features.rank_tracking.ranking_table_widget - ERROR - í‚¤ì›Œë“œ 'ê°œê»Œ' ì •ë³´ ì—…ë°ì´íŠ¸ ì‹¤íŒ¨: 'RankTrackingService' object has no attribute '_update_keyword_info_realtime'
2025-08-16 16:10:22 - features.rank_tracking.ranking_table_widget - ERROR - í‚¤ì›Œë“œ 'ëŒ€í˜•ê°œê»Œ' ì •ë³´ ì—…ë°ì´íŠ¸ ì‹¤íŒ¨: 'RankTrackingService' object has no attribute '_update_keyword_info_realtime'
2025-08-16 16:10:22 - features.rank_tracking.ranking_table_widget - ERROR - í‚¤ì›Œë“œ 'ëŒ€í˜•ê²¬ê°œê»Œ' ì •ë³´ ì—…ë°ì´íŠ¸ ì‹¤íŒ¨: 'RankTrackingService' object has no attribute '_update_keyword_info_realtime'
2025-08-16 16:10:23 - features.rank_tracking.ranking_table_widget - ERROR - í‚¤ì›Œë“œ 'ëŒ€í˜•ê²¬ê»Œ' ì •ë³´ ì—…ë°ì´íŠ¸ ì‹¤íŒ¨: 'RankTrackingService' object has no attribute '_update_keyword_info_realtime'
2025-08-16 16:10:23 - features.rank_tracking.ranking_table_widget - ERROR - í‚¤ì›Œë“œ 'ì• ê²¬ê»Œ' ì •ë³´ ì—…ë°ì´íŠ¸ ì‹¤íŒ¨: 'RankTrackingService' object has no attribute '_update_keyword_info_realtime'
2025-08-16 16:10:24 - features.rank_tracking.ranking_table_widget - ERROR - í‚¤ì›Œë“œ 'ì• ì™„ê²¬ê°„ì‹' ì •ë³´ ì—…ë°ì´íŠ¸ ì‹¤íŒ¨: 'RankTrackingService' object has no attribute '_update_keyword_info_realtime'
2025-08-16 16:10:24 - features.rank_tracking.ranking_table_widget - ERROR - í‚¤ì›Œë“œ 'ì—”ì ¤ë§' ì •ë³´ ì—…ë°ì´íŠ¸ ì‹¤íŒ¨: 'RankTrackingService' object has no attribute '_update_keyword_info_realtime'
2025-08-16 16:10:25 - features.rank_tracking.ranking_table_widget - ERROR - í‚¤ì›Œë“œ 'ì˜¤ë˜ë¨¹ëŠ”ê°„ì‹' ì •ë³´ ì—…ë°ì´íŠ¸ ì‹¤íŒ¨: 'RankTrackingService' object has no attribute '_update_keyword_info_realtime'
2025-08-16 16:10:25 - features.rank_tracking.ranking_table_widget - ERROR - í‚¤ì›Œë“œ 'ì˜¤ë˜ë¨¹ëŠ”ê°œê»Œ' ì •ë³´ ì—…ë°ì´íŠ¸ ì‹¤íŒ¨: 'RankTrackingService' object has no attribute '_update_keyword_info_realtime'
2025-08-16 16:10:26 - features.rank_tracking.ranking_table_widget - ERROR - í‚¤ì›Œë“œ 'ì´ê°ˆì´ê°„ì‹' ì •ë³´ ì—…ë°ì´íŠ¸ ì‹¤íŒ¨: 'RankTrackingService' object has no attribute '_update_keyword_info_realtime'
2025-08-16 16:22:46 - features.rank_tracking.service - ERROR - í”„ë¡œì íŠ¸ ìƒì„± ì‹¤íŒ¨: name 'extract_product_id_from_url' is not defined
2025-08-16 16:23:01 - features.rank_tracking.service - ERROR - í”„ë¡œì íŠ¸ ìƒì„± ì‹¤íŒ¨: name 'extract_product_id_from_url' is not defined
2025-08-16 16:24:40 - main - ERROR - ê¸°ëŠ¥ ëª¨ë“ˆ ë¡œë“œ ì‹¤íŒ¨: cannot import name 'ShoppingRankAdapter' from 'src.features.rank_tracking.adapters' (c:\Users\wogud\OneDrive\Desktop\í´ë¡œë“œì½”ë“œ\integrated_management_system\src\features\rank_tracking\adapters.py)
2025-08-16 16:24:40 - main - ERROR - ìƒì„¸ ì˜¤ë¥˜: Traceback (most recent call last):
  File "c:\Users\wogud\OneDrive\Desktop\í´ë¡œë“œì½”ë“œ\integrated_management_system\main.py", line 29, in load_features
    from src.features.rank_tracking import register as register_rank_tracking
  File "c:\Users\wogud\OneDrive\Desktop\í´ë¡œë“œì½”ë“œ\integrated_management_system\src\features\rank_tracking\__init__.py", line 9, in <module>
    from .ui import RankTrackingWidget
  File "c:\Users\wogud\OneDrive\Desktop\í´ë¡œë“œì½”ë“œ\integrated_management_system\src\features\rank_tracking\ui.py", line 14, in <module>
    from .project_list_widget import ProjectListWidget
  File "c:\Users\wogud\OneDrive\Desktop\í´ë¡œë“œì½”ë“œ\integrated_management_system\src\features\rank_tracking\project_list_widget.py", line 19, in <module>
    from .service import rank_tracking_service
  File "c:\Users\wogud\OneDrive\Desktop\í´ë¡œë“œì½”ë“œ\integrated_management_system\src\features\rank_tracking\service.py", line 11, in <module>
    from .adapters import ShoppingRankAdapter
ImportError: cannot import name 'ShoppingRankAdapter' from 'src.features.rank_tracking.adapters' (c:\Users\wogud\OneDrive\Desktop\í´ë¡œë“œì½”ë“œ\integrated_management_system\src\features\rank_tracking\adapters.py)

2025-08-16 16:24:40 - desktop.app - ERROR - ì• í”Œë¦¬ì¼€ì´ì…˜ ì‹¤í–‰ ì‹¤íŒ¨: cannot import name 'ShoppingRankAdapter' from 'src.features.rank_tracking.adapters' (c:\Users\wogud\OneDrive\Desktop\í´ë¡œë“œì½”ë“œ\integrated_management_system\src\features\rank_tracking\adapters.py)
2025-08-16 16:24:40 - main - ERROR - ì• í”Œë¦¬ì¼€ì´ì…˜ ì‹œì‘ ì‹¤íŒ¨: cannot import name 'ShoppingRankAdapter' from 'src.features.rank_tracking.adapters' (c:\Users\wogud\OneDrive\Desktop\í´ë¡œë“œì½”ë“œ\integrated_management_system\src\features\rank_tracking\adapters.py)
2025-08-16 16:24:43 - main - ERROR - ê¸°ëŠ¥ ëª¨ë“ˆ ë¡œë“œ ì‹¤íŒ¨: cannot import name 'ShoppingRankAdapter' from 'src.features.rank_tracking.adapters' (c:\Users\wogud\OneDrive\Desktop\í´ë¡œë“œì½”ë“œ\integrated_management_system\src\features\rank_tracking\adapters.py)
2025-08-16 16:24:43 - main - ERROR - ìƒì„¸ ì˜¤ë¥˜: Traceback (most recent call last):
  File "c:\Users\wogud\OneDrive\Desktop\í´ë¡œë“œì½”ë“œ\integrated_management_system\main.py", line 29, in load_features
    from src.features.rank_tracking import register as register_rank_tracking
  File "c:\Users\wogud\OneDrive\Desktop\í´ë¡œë“œì½”ë“œ\integrated_management_system\src\features\rank_tracking\__init__.py", line 9, in <module>
    from .ui import RankTrackingWidget
  File "c:\Users\wogud\OneDrive\Desktop\í´ë¡œë“œì½”ë“œ\integrated_management_system\src\features\rank_tracking\ui.py", line 14, in <module>
    from .project_list_widget import ProjectListWidget
  File "c:\Users\wogud\OneDrive\Desktop\í´ë¡œë“œì½”ë“œ\integrated_management_system\src\features\rank_tracking\project_list_widget.py", line 19, in <module>
    from .service import rank_tracking_service
  File "c:\Users\wogud\OneDrive\Desktop\í´ë¡œë“œì½”ë“œ\integrated_management_system\src\features\rank_tracking\service.py", line 11, in <module>
    from .adapters import ShoppingRankAdapter
ImportError: cannot import name 'ShoppingRankAdapter' from 'src.features.rank_tracking.adapters' (c:\Users\wogud\OneDrive\Desktop\í´ë¡œë“œì½”ë“œ\integrated_management_system\src\features\rank_tracking\adapters.py)

2025-08-16 16:24:43 - desktop.app - ERROR - ì• í”Œë¦¬ì¼€ì´ì…˜ ì‹¤í–‰ ì‹¤íŒ¨: cannot import name 'ShoppingRankAdapter' from 'src.features.rank_tracking.adapters' (c:\Users\wogud\OneDrive\Desktop\í´ë¡œë“œì½”ë“œ\integrated_management_system\src\features\rank_tracking\adapters.py)
2025-08-16 16:24:43 - main - ERROR - ì• í”Œë¦¬ì¼€ì´ì…˜ ì‹œì‘ ì‹¤íŒ¨: cannot import name 'ShoppingRankAdapter' from 'src.features.rank_tracking.adapters' (c:\Users\wogud\OneDrive\Desktop\í´ë¡œë“œì½”ë“œ\integrated_management_system\src\features\rank_tracking\adapters.py)
2025-08-16 16:25:19 - main - ERROR - ê¸°ëŠ¥ ëª¨ë“ˆ ë¡œë“œ ì‹¤íŒ¨: cannot import name 'ShoppingRankAdapter' from 'src.features.rank_tracking.adapters' (C:\Users\wogud\OneDrive\Desktop\í´ë¡œë“œì½”ë“œ\integrated_management_system\src\features\rank_tracking\adapters.py)
2025-08-16 16:25:19 - main - ERROR - ìƒì„¸ ì˜¤ë¥˜: Traceback (most recent call last):
  File "C:\Users\wogud\OneDrive\Desktop\í´ë¡œë“œì½”ë“œ\integrated_management_system\main.py", line 29, in load_features
    from src.features.rank_tracking import register as register_rank_tracking
  File "C:\Users\wogud\OneDrive\Desktop\í´ë¡œë“œì½”ë“œ\integrated_management_system\src\features\rank_tracking\__init__.py", line 9, in <module>
    from .ui import RankTrackingWidget
  File "C:\Users\wogud\OneDrive\Desktop\í´ë¡œë“œì½”ë“œ\integrated_management_system\src\features\rank_tracking\ui.py", line 14, in <module>
    from .project_list_widget import ProjectListWidget
  File "C:\Users\wogud\OneDrive\Desktop\í´ë¡œë“œì½”ë“œ\integrated_management_system\src\features\rank_tracking\project_list_widget.py", line 19, in <module>
    from .service import rank_tracking_service
  File "C:\Users\wogud\OneDrive\Desktop\í´ë¡œë“œì½”ë“œ\integrated_management_system\src\features\rank_tracking\service.py", line 11, in <module>
    from .adapters import ShoppingRankAdapter
ImportError: cannot import name 'ShoppingRankAdapter' from 'src.features.rank_tracking.adapters' (C:\Users\wogud\OneDrive\Desktop\í´ë¡œë“œì½”ë“œ\integrated_management_system\src\features\rank_tracking\adapters.py)

2025-08-16 16:25:19 - desktop.app - ERROR - ì• í”Œë¦¬ì¼€ì´ì…˜ ì‹¤í–‰ ì‹¤íŒ¨: cannot import name 'ShoppingRankAdapter' from 'src.features.rank_tracking.adapters' (C:\Users\wogud\OneDrive\Desktop\í´ë¡œë“œì½”ë“œ\integrated_management_system\src\features\rank_tracking\adapters.py)
2025-08-16 16:25:19 - main - ERROR - ì• í”Œë¦¬ì¼€ì´ì…˜ ì‹œì‘ ì‹¤íŒ¨: cannot import name 'ShoppingRankAdapter' from 'src.features.rank_tracking.adapters' (C:\Users\wogud\OneDrive\Desktop\í´ë¡œë“œì½”ë“œ\integrated_management_system\src\features\rank_tracking\adapters.py)
2025-08-16 16:26:47 - features.rank_tracking.history_dialog - ERROR - Failed to load ranking history: '>' not supported between instances of 'NoneType' and 'int'
2025-08-16 16:26:47 - features.rank_tracking.history_dialog - ERROR - Full traceback: Traceback (most recent call last):
  File "c:\Users\wogud\OneDrive\Desktop\í´ë¡œë“œì½”ë“œ\integrated_management_system\src\features\rank_tracking\history_dialog.py", line 633, in load_ranking_history
    if current_rank > 200 and previous_rank > 200:
                              ^^^^^^^^^^^^^^^^^^^
TypeError: '>' not supported between instances of 'NoneType' and 'int'

2025-08-16 16:26:56 - features.rank_tracking.history_dialog - ERROR - Failed to load ranking history: '>' not supported between instances of 'NoneType' and 'int'
2025-08-16 16:26:56 - features.rank_tracking.history_dialog - ERROR - Full traceback: Traceback (most recent call last):
  File "c:\Users\wogud\OneDrive\Desktop\í´ë¡œë“œì½”ë“œ\integrated_management_system\src\features\rank_tracking\history_dialog.py", line 637, in load_ranking_history
    elif previous_rank > 200:
         ^^^^^^^^^^^^^^^^^^^
TypeError: '>' not supported between instances of 'NoneType' and 'int'

2025-08-16 16:29:10 - features.rank_tracking.history_dialog - ERROR - Failed to load ranking history: '>' not supported between instances of 'NoneType' and 'int'
2025-08-16 16:29:10 - features.rank_tracking.history_dialog - ERROR - Full traceback: Traceback (most recent call last):
  File "c:\Users\wogud\OneDrive\Desktop\í´ë¡œë“œì½”ë“œ\integrated_management_system\src\features\rank_tracking\history_dialog.py", line 637, in load_ranking_history
    change_display = "-"
     ^^^^^^^^^^^^^^^^^^^
TypeError: '>' not supported between instances of 'NoneType' and 'int'

2025-08-16 16:29:17 - features.rank_tracking.history_dialog - ERROR - Failed to load ranking history: '>' not supported between instances of 'NoneType' and 'int'
2025-08-16 16:29:17 - features.rank_tracking.history_dialog - ERROR - Full traceback: Traceback (most recent call last):
  File "c:\Users\wogud\OneDrive\Desktop\í´ë¡œë“œì½”ë“œ\integrated_management_system\src\features\rank_tracking\history_dialog.py", line 637, in load_ranking_history
    change_display = "-"
     ^^^^^^^^^^^^^^^^^^^
TypeError: '>' not supported between instances of 'NoneType' and 'int'

2025-08-16 17:18:50 - features.powerlink_analyzer.adapters - ERROR - í‚¤ì›Œë“œ ë°ì´í„° ì¡°íšŒ ìµœì¢… ì‹¤íŒ¨: NaverSearchAdClient.get_keyword_ideas() got an unexpected keyword argument 'show_detail'
2025-08-16 17:18:50 - features.powerlink_analyzer.service - ERROR - ê¸°ë³¸ í‚¤ì›Œë“œ ì •ë³´ ì¡°íšŒ ì‹¤íŒ¨: ê°•ì•„ì§€ì‚¬ë£Œ
2025-08-16 17:31:31 - features.powerlink_analyzer.adapters - ERROR - í‚¤ì›Œë“œ ë°ì´í„° ì¡°íšŒ ìµœì¢… ì‹¤íŒ¨: NaverSearchAdClient.get_keyword_ideas() got an unexpected keyword argument 'show_detail'
2025-08-16 17:31:31 - features.powerlink_analyzer.service - ERROR - ê¸°ë³¸ í‚¤ì›Œë“œ ì •ë³´ ì¡°íšŒ ì‹¤íŒ¨: ê°•ì•„ì§€ì‚¬ë£Œ
2025-08-16 18:11:05 - vendors.naver.searchad.keyword_tool - ERROR - keyword_tool API í˜¸ì¶œ ì‹¤íŒ¨: Request failed: 400 Client Error: Bad Request for url: https://api.searchad.naver.com/estimate/average-position-bid/keyword
2025-08-16 18:11:05 - vendors.naver.searchad.keyword_tool - ERROR - ì…ì°°ê°€ ì¶”ì • ì¡°íšŒ ì‹¤íŒ¨: ê°•ì•„ì§€ì‚¬ë£Œ (ALL): API í˜¸ì¶œ ì‹¤íŒ¨: Request failed: 400 Client Error: Bad Request for url: https://api.searchad.naver.com/estimate/average-position-bid/keyword
2025-08-16 18:13:08 - vendors.naver.searchad.keyword_tool - ERROR - keyword_tool API í˜¸ì¶œ ì‹¤íŒ¨: Request failed: 404 Client Error: Not Found for url: https://api.searchad.naver.com/estimate
2025-08-16 18:13:08 - vendors.naver.searchad.keyword_tool - ERROR - keyword_tool API í˜¸ì¶œ ì‹¤íŒ¨: Request failed: 404 Client Error: Not Found for url: https://api.searchad.naver.com/estimate
2025-08-16 18:38:39 - main - ERROR - ê¸°ëŠ¥ ëª¨ë“ˆ ë¡œë“œ ì‹¤íŒ¨: unexpected character after line continuation character (results_widget.py, line 610)
2025-08-16 18:38:39 - main - ERROR - ìƒì„¸ ì˜¤ë¥˜: Traceback (most recent call last):
  File "c:\Users\wogud\OneDrive\Desktop\í´ë¡œë“œì½”ë“œ\integrated_management_system\main.py", line 42, in load_features
    register_powerlink(app)
    ~~~~~~~~~~~~~~~~~~^^^^^
  File "c:\Users\wogud\OneDrive\Desktop\í´ë¡œë“œì½”ë“œ\integrated_management_system\src\features\powerlink_analyzer\__init__.py", line 12, in register
    from .ui import PowerLinkAnalyzerWidget
  File "c:\Users\wogud\OneDrive\Desktop\í´ë¡œë“œì½”ë“œ\integrated_management_system\src\features\powerlink_analyzer\ui.py", line 14, in <module>
    from .results_widget import PowerLinkResultsWidget
  File "c:\Users\wogud\OneDrive\Desktop\í´ë¡œë“œì½”ë“œ\integrated_management_system\src\features\powerlink_analyzer\results_widget.py", line 610
    \"\"\"í‚¤ì›Œë“œë¥¼ ì¦‰ì‹œ í…Œì´ë¸”ì— ì¶”ê°€ (ë°ì´í„° ë¡œë”© ì „ ìƒíƒœë¡œ)\"\"\"
     ^
SyntaxError: unexpected character after line continuation character

2025-08-16 18:38:39 - desktop.app - ERROR - ì• í”Œë¦¬ì¼€ì´ì…˜ ì‹¤í–‰ ì‹¤íŒ¨: unexpected character after line continuation character (results_widget.py, line 610)
2025-08-16 18:38:39 - main - ERROR - ì• í”Œë¦¬ì¼€ì´ì…˜ ì‹œì‘ ì‹¤íŒ¨: unexpected character after line continuation character (results_widget.py, line 610)
2025-08-16 18:38:41 - main - ERROR - ê¸°ëŠ¥ ëª¨ë“ˆ ë¡œë“œ ì‹¤íŒ¨: unexpected character after line continuation character (results_widget.py, line 610)
2025-08-16 18:38:41 - main - ERROR - ìƒì„¸ ì˜¤ë¥˜: Traceback (most recent call last):
  File "c:\Users\wogud\OneDrive\Desktop\í´ë¡œë“œì½”ë“œ\integrated_management_system\main.py", line 42, in load_features
    register_powerlink(app)
    ~~~~~~~~~~~~~~~~~~^^^^^
  File "c:\Users\wogud\OneDrive\Desktop\í´ë¡œë“œì½”ë“œ\integrated_management_system\src\features\powerlink_analyzer\__init__.py", line 12, in register
    from .ui import PowerLinkAnalyzerWidget
  File "c:\Users\wogud\OneDrive\Desktop\í´ë¡œë“œì½”ë“œ\integrated_management_system\src\features\powerlink_analyzer\ui.py", line 14, in <module>
    from .results_widget import PowerLinkResultsWidget
  File "c:\Users\wogud\OneDrive\Desktop\í´ë¡œë“œì½”ë“œ\integrated_management_system\src\features\powerlink_analyzer\results_widget.py", line 610
    \"\"\"í‚¤ì›Œë“œë¥¼ ì¦‰ì‹œ í…Œì´ë¸”ì— ì¶”ê°€ (ë°ì´í„° ë¡œë”© ì „ ìƒíƒœë¡œ)\"\"\"
     ^
SyntaxError: unexpected character after line continuation character

2025-08-16 18:38:41 - desktop.app - ERROR - ì• í”Œë¦¬ì¼€ì´ì…˜ ì‹¤í–‰ ì‹¤íŒ¨: unexpected character after line continuation character (results_widget.py, line 610)
2025-08-16 18:38:41 - main - ERROR - ì• í”Œë¦¬ì¼€ì´ì…˜ ì‹œì‘ ì‹¤íŒ¨: unexpected character after line continuation character (results_widget.py, line 610)
2025-08-16 18:55:22 - features.powerlink_analyzer.adapters - ERROR - PC í¬ë¡¤ë§ ì˜¤ë¥˜ (ë¸Œë¼ìš°ì € ì¬ì‚¬ìš©): Cannot switch to a different thread
	Current:  <greenlet.greenlet object at 0x000001F1ABD8F6C0 (otid=0x000001F1E575E8B0) current active started main>
	Expected: <greenlet.greenlet object at 0x000001F1E5079640 (otid=0x000001F1E575D8C0) suspended active started main>
2025-08-16 18:55:24 - features.powerlink_analyzer.adapters - ERROR - PC í¬ë¡¤ë§ ì˜¤ë¥˜ (ë¸Œë¼ìš°ì € ì¬ì‚¬ìš©): Cannot switch to a different thread
	Current:  <greenlet.greenlet object at 0x000001F1ABD8F6C0 (otid=0x000001F1E575E8B0) current active started main>
	Expected: <greenlet.greenlet object at 0x000001F1E5079640 (otid=0x000001F1E575D8C0) suspended active started main>
2025-08-16 19:16:24 - features.powerlink_analyzer.adapters - ERROR - PC í¬ë¡¤ë§ ì˜¤ë¥˜ (ë¸Œë¼ìš°ì € ì¬ì‚¬ìš©): Cannot switch to a different thread
	Current:  <greenlet.greenlet object at 0x000001E7A40F31C0 (otid=0x000001E7C472BC60) current active started main>
	Expected: <greenlet.greenlet object at 0x000001E7C5ED7900 (otid=0x000001E7DC8805A0) suspended active started main>
2025-08-16 19:16:24 - features.powerlink_analyzer.adapters - ERROR - PC í¬ë¡¤ë§ ì˜¤ë¥˜ (ë¸Œë¼ìš°ì € ì¬ì‚¬ìš©): Cannot switch to a different thread
	Current:  <greenlet.greenlet object at 0x000001E7DC5BC300 (otid=0x000001E7C5F0DE90) current active started main>
	Expected: <greenlet.greenlet object at 0x000001E7C5ED7900 (otid=0x000001E7DC8805A0) suspended active started main>
2025-08-16 19:16:25 - features.powerlink_analyzer.adapters - ERROR - PC í¬ë¡¤ë§ ì˜¤ë¥˜ (ë¸Œë¼ìš°ì € ì¬ì‚¬ìš©): Cannot switch to a different thread
	Current:  <greenlet.greenlet object at 0x000001E7A40F3480 (otid=0x000001E7DC91B150) current active started main>
	Expected: <greenlet.greenlet object at 0x000001E7C5ED7900 (otid=0x000001E7DC8805A0) suspended active started main>
2025-08-16 19:16:26 - features.powerlink_analyzer.adapters - ERROR - PC í¬ë¡¤ë§ ì˜¤ë¥˜ (ë¸Œë¼ìš°ì € ì¬ì‚¬ìš©): Cannot switch to a different thread
	Current:  <greenlet.greenlet object at 0x000001E7A40F31C0 (otid=0x000001E7C472BC60) current active started main>
	Expected: <greenlet.greenlet object at 0x000001E7C5ED7900 (otid=0x000001E7DC8805A0) suspended active started main>
2025-08-16 19:16:26 - features.powerlink_analyzer.adapters - ERROR - PC í¬ë¡¤ë§ ì˜¤ë¥˜ (ë¸Œë¼ìš°ì € ì¬ì‚¬ìš©): Cannot switch to a different thread
	Current:  <greenlet.greenlet object at 0x000001E7DC5BC300 (otid=0x000001E7C5F0DE90) current active started main>
	Expected: <greenlet.greenlet object at 0x000001E7C5ED7900 (otid=0x000001E7DC8805A0) suspended active started main>
2025-08-16 19:16:27 - features.powerlink_analyzer.adapters - ERROR - PC í¬ë¡¤ë§ ì˜¤ë¥˜ (ë¸Œë¼ìš°ì € ì¬ì‚¬ìš©): Cannot switch to a different thread
	Current:  <greenlet.greenlet object at 0x000001E7A40F3480 (otid=0x000001E7DC91B150) current active started main>
	Expected: <greenlet.greenlet object at 0x000001E7C5ED7900 (otid=0x000001E7DC8805A0) suspended active started main>
2025-08-16 19:16:30 - features.powerlink_analyzer.adapters - ERROR - PC í¬ë¡¤ë§ ì˜¤ë¥˜ (ë¸Œë¼ìš°ì € ì¬ì‚¬ìš©): Cannot switch to a different thread
	Current:  <greenlet.greenlet object at 0x000001E7DC5BC300 (otid=0x000001E7C5F0DE90) current active started main>
	Expected: <greenlet.greenlet object at 0x000001E7C5ED7900 (otid=0x000001E7DC8805A0) suspended active started main>
2025-08-16 19:16:30 - features.powerlink_analyzer.adapters - ERROR - PC í¬ë¡¤ë§ ì˜¤ë¥˜ (ë¸Œë¼ìš°ì € ì¬ì‚¬ìš©): Cannot switch to a different thread
	Current:  <greenlet.greenlet object at 0x000001E7A40F31C0 (otid=0x000001E7C472BC60) current active started main>
	Expected: <greenlet.greenlet object at 0x000001E7C5ED7900 (otid=0x000001E7DC8805A0) suspended active started main>
2025-08-16 19:16:30 - features.powerlink_analyzer.adapters - ERROR - PC í¬ë¡¤ë§ ìµœëŒ€ ì¬ì‹œë„ íšŸìˆ˜ ì´ˆê³¼ - ê¸°ë³¸ê°’ ì‚¬ìš©
2025-08-16 19:16:30 - features.powerlink_analyzer.adapters - ERROR - PC í¬ë¡¤ë§ ìµœëŒ€ ì¬ì‹œë„ íšŸìˆ˜ ì´ˆê³¼ - ê¸°ë³¸ê°’ ì‚¬ìš©
2025-08-16 19:16:30 - features.powerlink_analyzer.adapters - ERROR - MOBILE í¬ë¡¤ë§ ì˜¤ë¥˜ (ë¸Œë¼ìš°ì € ì¬ì‚¬ìš©): Cannot switch to a different thread
	Current:  <greenlet.greenlet object at 0x000001E7DC5BC300 (otid=0x000001E7C5F0DE90) current active started main>
	Expected: <greenlet.greenlet object at 0x000001E7C5ED7900 (otid=0x000001E7DC8805A0) suspended active started main>
2025-08-16 19:16:30 - features.powerlink_analyzer.adapters - ERROR - MOBILE í¬ë¡¤ë§ ì˜¤ë¥˜ (ë¸Œë¼ìš°ì € ì¬ì‚¬ìš©): Cannot switch to a different thread
	Current:  <greenlet.greenlet object at 0x000001E7A40F31C0 (otid=0x000001E7C472BC60) current active started main>
	Expected: <greenlet.greenlet object at 0x000001E7C5ED7900 (otid=0x000001E7DC8805A0) suspended active started main>
2025-08-16 19:16:31 - features.powerlink_analyzer.adapters - ERROR - PC í¬ë¡¤ë§ ì˜¤ë¥˜ (ë¸Œë¼ìš°ì € ì¬ì‚¬ìš©): Cannot switch to a different thread
	Current:  <greenlet.greenlet object at 0x000001E7A40F3480 (otid=0x000001E7DC91B150) current active started main>
	Expected: <greenlet.greenlet object at 0x000001E7C5ED7900 (otid=0x000001E7DC8805A0) suspended active started main>
2025-08-16 19:16:31 - features.powerlink_analyzer.adapters - ERROR - PC í¬ë¡¤ë§ ìµœëŒ€ ì¬ì‹œë„ íšŸìˆ˜ ì´ˆê³¼ - ê¸°ë³¸ê°’ ì‚¬ìš©
2025-08-16 19:16:31 - features.powerlink_analyzer.adapters - ERROR - MOBILE í¬ë¡¤ë§ ì˜¤ë¥˜ (ë¸Œë¼ìš°ì € ì¬ì‚¬ìš©): Cannot switch to a different thread
	Current:  <greenlet.greenlet object at 0x000001E7A40F3480 (otid=0x000001E7DC91B150) current active started main>
	Expected: <greenlet.greenlet object at 0x000001E7C5ED7900 (otid=0x000001E7DC8805A0) suspended active started main>
2025-08-16 19:16:32 - features.powerlink_analyzer.adapters - ERROR - MOBILE í¬ë¡¤ë§ ì˜¤ë¥˜ (ë¸Œë¼ìš°ì € ì¬ì‚¬ìš©): Cannot switch to a different thread
	Current:  <greenlet.greenlet object at 0x000001E7A40F31C0 (otid=0x000001E7C472BC60) current active started main>
	Expected: <greenlet.greenlet object at 0x000001E7C5ED7900 (otid=0x000001E7DC8805A0) suspended active started main>
2025-08-16 19:16:32 - features.powerlink_analyzer.adapters - ERROR - MOBILE í¬ë¡¤ë§ ì˜¤ë¥˜ (ë¸Œë¼ìš°ì € ì¬ì‚¬ìš©): Cannot switch to a different thread
	Current:  <greenlet.greenlet object at 0x000001E7DC5BC300 (otid=0x000001E7C5F0DE90) current active started main>
	Expected: <greenlet.greenlet object at 0x000001E7C5ED7900 (otid=0x000001E7DC8805A0) suspended active started main>
2025-08-16 19:16:33 - features.powerlink_analyzer.adapters - ERROR - MOBILE í¬ë¡¤ë§ ì˜¤ë¥˜ (ë¸Œë¼ìš°ì € ì¬ì‚¬ìš©): Cannot switch to a different thread
	Current:  <greenlet.greenlet object at 0x000001E7A40F3480 (otid=0x000001E7DC91B150) current active started main>
	Expected: <greenlet.greenlet object at 0x000001E7C5ED7900 (otid=0x000001E7DC8805A0) suspended active started main>
2025-08-16 19:16:36 - features.powerlink_analyzer.adapters - ERROR - MOBILE í¬ë¡¤ë§ ì˜¤ë¥˜ (ë¸Œë¼ìš°ì € ì¬ì‚¬ìš©): Cannot switch to a different thread
	Current:  <greenlet.greenlet object at 0x000001E7A40F31C0 (otid=0x000001E7C472BC60) current active started main>
	Expected: <greenlet.greenlet object at 0x000001E7C5ED7900 (otid=0x000001E7DC8805A0) suspended active started main>
2025-08-16 19:16:36 - features.powerlink_analyzer.adapters - ERROR - MOBILE í¬ë¡¤ë§ ìµœëŒ€ ì¬ì‹œë„ íšŸìˆ˜ ì´ˆê³¼ - ê¸°ë³¸ê°’ ì‚¬ìš©
2025-08-16 19:16:36 - features.powerlink_analyzer.adapters - ERROR - MOBILE í¬ë¡¤ë§ ì˜¤ë¥˜ (ë¸Œë¼ìš°ì € ì¬ì‚¬ìš©): Cannot switch to a different thread
	Current:  <greenlet.greenlet object at 0x000001E7DC5BC300 (otid=0x000001E7C5F0DE90) current active started main>
	Expected: <greenlet.greenlet object at 0x000001E7C5ED7900 (otid=0x000001E7DC8805A0) suspended active started main>
2025-08-16 19:16:36 - features.powerlink_analyzer.adapters - ERROR - MOBILE í¬ë¡¤ë§ ìµœëŒ€ ì¬ì‹œë„ íšŸìˆ˜ ì´ˆê³¼ - ê¸°ë³¸ê°’ ì‚¬ìš©
2025-08-16 19:16:37 - features.powerlink_analyzer.adapters - ERROR - MOBILE í¬ë¡¤ë§ ì˜¤ë¥˜ (ë¸Œë¼ìš°ì € ì¬ì‚¬ìš©): Cannot switch to a different thread
	Current:  <greenlet.greenlet object at 0x000001E7A40F3480 (otid=0x000001E7DC91B150) current active started main>
	Expected: <greenlet.greenlet object at 0x000001E7C5ED7900 (otid=0x000001E7DC8805A0) suspended active started main>
2025-08-16 19:16:37 - features.powerlink_analyzer.adapters - ERROR - MOBILE í¬ë¡¤ë§ ìµœëŒ€ ì¬ì‹œë„ íšŸìˆ˜ ì´ˆê³¼ - ê¸°ë³¸ê°’ ì‚¬ìš©
2025-08-16 19:16:38 - features.powerlink_analyzer.adapters - ERROR - PC í¬ë¡¤ë§ ì˜¤ë¥˜ (ë¸Œë¼ìš°ì € ì¬ì‚¬ìš©): Cannot switch to a different thread
	Current:  <greenlet.greenlet object at 0x000001E7A40F31C0 (otid=0x000001E7C472BC60) current active started main>
	Expected: <greenlet.greenlet object at 0x000001E7C5ED7900 (otid=0x000001E7DC8805A0) suspended active started main>
2025-08-16 19:16:40 - features.powerlink_analyzer.adapters - ERROR - PC í¬ë¡¤ë§ ì˜¤ë¥˜ (ë¸Œë¼ìš°ì € ì¬ì‚¬ìš©): Cannot switch to a different thread
	Current:  <greenlet.greenlet object at 0x000001E7A40F31C0 (otid=0x000001E7C472BC60) current active started main>
	Expected: <greenlet.greenlet object at 0x000001E7C5ED7900 (otid=0x000001E7DC8805A0) suspended active started main>
2025-08-16 19:16:44 - features.powerlink_analyzer.adapters - ERROR - PC í¬ë¡¤ë§ ì˜¤ë¥˜ (ë¸Œë¼ìš°ì € ì¬ì‚¬ìš©): Cannot switch to a different thread
	Current:  <greenlet.greenlet object at 0x000001E7A40F31C0 (otid=0x000001E7C472BC60) current active started main>
	Expected: <greenlet.greenlet object at 0x000001E7C5ED7900 (otid=0x000001E7DC8805A0) suspended active started main>
2025-08-16 19:16:44 - features.powerlink_analyzer.adapters - ERROR - PC í¬ë¡¤ë§ ìµœëŒ€ ì¬ì‹œë„ íšŸìˆ˜ ì´ˆê³¼ - ê¸°ë³¸ê°’ ì‚¬ìš©
2025-08-16 19:16:44 - features.powerlink_analyzer.adapters - ERROR - MOBILE í¬ë¡¤ë§ ì˜¤ë¥˜ (ë¸Œë¼ìš°ì € ì¬ì‚¬ìš©): Cannot switch to a different thread
	Current:  <greenlet.greenlet object at 0x000001E7A40F31C0 (otid=0x000001E7C472BC60) current active started main>
	Expected: <greenlet.greenlet object at 0x000001E7C5ED7900 (otid=0x000001E7DC8805A0) suspended active started main>
2025-08-16 19:16:46 - features.powerlink_analyzer.adapters - ERROR - MOBILE í¬ë¡¤ë§ ì˜¤ë¥˜ (ë¸Œë¼ìš°ì € ì¬ì‚¬ìš©): Cannot switch to a different thread
	Current:  <greenlet.greenlet object at 0x000001E7A40F31C0 (otid=0x000001E7C472BC60) current active started main>
	Expected: <greenlet.greenlet object at 0x000001E7C5ED7900 (otid=0x000001E7DC8805A0) suspended active started main>
2025-08-16 19:16:50 - features.powerlink_analyzer.adapters - ERROR - MOBILE í¬ë¡¤ë§ ì˜¤ë¥˜ (ë¸Œë¼ìš°ì € ì¬ì‚¬ìš©): Cannot switch to a different thread
	Current:  <greenlet.greenlet object at 0x000001E7A40F31C0 (otid=0x000001E7C472BC60) current active started main>
	Expected: <greenlet.greenlet object at 0x000001E7C5ED7900 (otid=0x000001E7DC8805A0) suspended active started main>
2025-08-16 19:16:50 - features.powerlink_analyzer.adapters - ERROR - MOBILE í¬ë¡¤ë§ ìµœëŒ€ ì¬ì‹œë„ íšŸìˆ˜ ì´ˆê³¼ - ê¸°ë³¸ê°’ ì‚¬ìš©
2025-08-16 21:45:19 - features.powerlink_analyzer.worker - ERROR - ë¶„ì„ ì›Œì»¤ ì‹¤í–‰ ì¤‘ ì˜¤ë¥˜: property 'percentage' of 'AnalysisProgress' object has no setter
2025-08-16 22:16:58 - main - ERROR - ê¸°ëŠ¥ ëª¨ë“ˆ ë¡œë“œ ì‹¤íŒ¨: 'PowerLinkResultsWidget' object has no attribute 'on_analysis_started'
2025-08-16 22:16:58 - main - ERROR - ìƒì„¸ ì˜¤ë¥˜: Traceback (most recent call last):
  File "c:\Users\wogud\OneDrive\Desktop\í´ë¡œë“œì½”ë“œ\integrated_management_system\main.py", line 42, in load_features
    register_powerlink(app)
    ~~~~~~~~~~~~~~~~~~^^^^^
  File "c:\Users\wogud\OneDrive\Desktop\í´ë¡œë“œì½”ë“œ\integrated_management_system\src\features\powerlink_analyzer\__init__.py", line 14, in register
    widget = PowerLinkAnalyzerWidget()
  File "c:\Users\wogud\OneDrive\Desktop\í´ë¡œë“œì½”ë“œ\integrated_management_system\src\features\powerlink_analyzer\ui.py", line 23, in __init__
    self.setup_connections()
    ~~~~~~~~~~~~~~~~~~~~~~^^
  File "c:\Users\wogud\OneDrive\Desktop\í´ë¡œë“œì½”ë“œ\integrated_management_system\src\features\powerlink_analyzer\ui.py", line 151, in setup_connections
    self.control_widget.analysis_started.connect(self.results_widget.on_analysis_started)
                                                 ^^^^^^^^^^^^^^^^^^^^^^^^^^^^^^^^^^^^^^^
AttributeError: 'PowerLinkResultsWidget' object has no attribute 'on_analysis_started'

2025-08-16 22:16:58 - desktop.app - ERROR - ì• í”Œë¦¬ì¼€ì´ì…˜ ì‹¤í–‰ ì‹¤íŒ¨: 'PowerLinkResultsWidget' object has no attribute 'on_analysis_started'
2025-08-16 22:16:58 - main - ERROR - ì• í”Œë¦¬ì¼€ì´ì…˜ ì‹œì‘ ì‹¤íŒ¨: 'PowerLinkResultsWidget' object has no attribute 'on_analysis_started'
2025-08-16 22:17:01 - main - ERROR - ê¸°ëŠ¥ ëª¨ë“ˆ ë¡œë“œ ì‹¤íŒ¨: 'PowerLinkResultsWidget' object has no attribute 'on_analysis_started'
2025-08-16 22:17:01 - main - ERROR - ìƒì„¸ ì˜¤ë¥˜: Traceback (most recent call last):
  File "c:\Users\wogud\OneDrive\Desktop\í´ë¡œë“œì½”ë“œ\integrated_management_system\main.py", line 42, in load_features
    register_powerlink(app)
    ~~~~~~~~~~~~~~~~~~^^^^^
  File "c:\Users\wogud\OneDrive\Desktop\í´ë¡œë“œì½”ë“œ\integrated_management_system\src\features\powerlink_analyzer\__init__.py", line 14, in register
    widget = PowerLinkAnalyzerWidget()
  File "c:\Users\wogud\OneDrive\Desktop\í´ë¡œë“œì½”ë“œ\integrated_management_system\src\features\powerlink_analyzer\ui.py", line 23, in __init__
    self.setup_connections()
    ~~~~~~~~~~~~~~~~~~~~~~^^
  File "c:\Users\wogud\OneDrive\Desktop\í´ë¡œë“œì½”ë“œ\integrated_management_system\src\features\powerlink_analyzer\ui.py", line 151, in setup_connections
    self.control_widget.analysis_started.connect(self.results_widget.on_analysis_started)
                                                 ^^^^^^^^^^^^^^^^^^^^^^^^^^^^^^^^^^^^^^^
AttributeError: 'PowerLinkResultsWidget' object has no attribute 'on_analysis_started'

2025-08-16 22:17:01 - desktop.app - ERROR - ì• í”Œë¦¬ì¼€ì´ì…˜ ì‹¤í–‰ ì‹¤íŒ¨: 'PowerLinkResultsWidget' object has no attribute 'on_analysis_started'
2025-08-16 22:17:01 - main - ERROR - ì• í”Œë¦¬ì¼€ì´ì…˜ ì‹œì‘ ì‹¤íŒ¨: 'PowerLinkResultsWidget' object has no attribute 'on_analysis_started'
2025-08-16 22:17:08 - main - ERROR - ê¸°ëŠ¥ ëª¨ë“ˆ ë¡œë“œ ì‹¤íŒ¨: 'PowerLinkResultsWidget' object has no attribute 'on_analysis_started'
2025-08-16 22:17:08 - main - ERROR - ìƒì„¸ ì˜¤ë¥˜: Traceback (most recent call last):
  File "c:\Users\wogud\OneDrive\Desktop\í´ë¡œë“œì½”ë“œ\integrated_management_system\main.py", line 42, in load_features
    register_powerlink(app)
    ~~~~~~~~~~~~~~~~~~^^^^^
  File "c:\Users\wogud\OneDrive\Desktop\í´ë¡œë“œì½”ë“œ\integrated_management_system\src\features\powerlink_analyzer\__init__.py", line 14, in register
    widget = PowerLinkAnalyzerWidget()
  File "c:\Users\wogud\OneDrive\Desktop\í´ë¡œë“œì½”ë“œ\integrated_management_system\src\features\powerlink_analyzer\ui.py", line 23, in __init__
    self.setup_connections()
    ~~~~~~~~~~~~~~~~~~~~~~^^
  File "c:\Users\wogud\OneDrive\Desktop\í´ë¡œë“œì½”ë“œ\integrated_management_system\src\features\powerlink_analyzer\ui.py", line 151, in setup_connections
    self.control_widget.analysis_started.connect(self.results_widget.on_analysis_started)
                                                 ^^^^^^^^^^^^^^^^^^^^^^^^^^^^^^^^^^^^^^^
AttributeError: 'PowerLinkResultsWidget' object has no attribute 'on_analysis_started'

2025-08-16 22:17:08 - desktop.app - ERROR - ì• í”Œë¦¬ì¼€ì´ì…˜ ì‹¤í–‰ ì‹¤íŒ¨: 'PowerLinkResultsWidget' object has no attribute 'on_analysis_started'
2025-08-16 22:17:08 - main - ERROR - ì• í”Œë¦¬ì¼€ì´ì…˜ ì‹œì‘ ì‹¤íŒ¨: 'PowerLinkResultsWidget' object has no attribute 'on_analysis_started'
2025-08-16 22:18:48 - main - ERROR - ê¸°ëŠ¥ ëª¨ë“ˆ ë¡œë“œ ì‹¤íŒ¨: 'PowerLinkResultsWidget' object has no attribute 'on_analysis_started'
2025-08-16 22:18:48 - main - ERROR - ìƒì„¸ ì˜¤ë¥˜: Traceback (most recent call last):
  File "c:\Users\wogud\OneDrive\Desktop\í´ë¡œë“œì½”ë“œ\integrated_management_system\main.py", line 42, in load_features
    register_powerlink(app)
    ~~~~~~~~~~~~~~~~~~^^^^^
  File "c:\Users\wogud\OneDrive\Desktop\í´ë¡œë“œì½”ë“œ\integrated_management_system\src\features\powerlink_analyzer\__init__.py", line 14, in register
    widget = PowerLinkAnalyzerWidget()
  File "c:\Users\wogud\OneDrive\Desktop\í´ë¡œë“œì½”ë“œ\integrated_management_system\src\features\powerlink_analyzer\ui.py", line 23, in __init__
    self.setup_connections()
    ~~~~~~~~~~~~~~~~~~~~~~^^
  File "c:\Users\wogud\OneDrive\Desktop\í´ë¡œë“œì½”ë“œ\integrated_management_system\src\features\powerlink_analyzer\ui.py", line 151, in setup_connections
    self.control_widget.analysis_started.connect(self.results_widget.on_analysis_started)
                                                 ^^^^^^^^^^^^^^^^^^^^^^^^^^^^^^^^^^^^^^^
AttributeError: 'PowerLinkResultsWidget' object has no attribute 'on_analysis_started'

2025-08-16 22:18:48 - desktop.app - ERROR - ì• í”Œë¦¬ì¼€ì´ì…˜ ì‹¤í–‰ ì‹¤íŒ¨: 'PowerLinkResultsWidget' object has no attribute 'on_analysis_started'
2025-08-16 22:18:48 - main - ERROR - ì• í”Œë¦¬ì¼€ì´ì…˜ ì‹œì‘ ì‹¤íŒ¨: 'PowerLinkResultsWidget' object has no attribute 'on_analysis_started'
2025-08-16 22:22:43 - main - ERROR - ê¸°ëŠ¥ ëª¨ë“ˆ ë¡œë“œ ì‹¤íŒ¨: 'PowerLinkResultsWidget' object has no attribute 'on_analysis_started'
2025-08-16 22:22:43 - main - ERROR - ìƒì„¸ ì˜¤ë¥˜: Traceback (most recent call last):
  File "C:\Users\wogud\OneDrive\Desktop\í´ë¡œë“œì½”ë“œ\integrated_management_system\main.py", line 42, in load_features
    register_powerlink(app)
    ~~~~~~~~~~~~~~~~~~^^^^^
  File "C:\Users\wogud\OneDrive\Desktop\í´ë¡œë“œì½”ë“œ\integrated_management_system\src\features\powerlink_analyzer\__init__.py", line 14, in register
    widget = PowerLinkAnalyzerWidget()
  File "C:\Users\wogud\OneDrive\Desktop\í´ë¡œë“œì½”ë“œ\integrated_management_system\src\features\powerlink_analyzer\ui.py", line 23, in __init__
    self.setup_connections()
    ~~~~~~~~~~~~~~~~~~~~~~^^
  File "C:\Users\wogud\OneDrive\Desktop\í´ë¡œë“œì½”ë“œ\integrated_management_system\src\features\powerlink_analyzer\ui.py", line 151, in setup_connections
    self.control_widget.analysis_started.connect(self.results_widget.on_analysis_started)
                                                 ^^^^^^^^^^^^^^^^^^^^^^^^^^^^^^^^^^^^^^^
AttributeError: 'PowerLinkResultsWidget' object has no attribute 'on_analysis_started'

2025-08-16 22:22:43 - desktop.app - ERROR - ì• í”Œë¦¬ì¼€ì´ì…˜ ì‹¤í–‰ ì‹¤íŒ¨: 'PowerLinkResultsWidget' object has no attribute 'on_analysis_started'
2025-08-16 22:22:43 - main - ERROR - ì• í”Œë¦¬ì¼€ì´ì…˜ ì‹œì‘ ì‹¤íŒ¨: 'PowerLinkResultsWidget' object has no attribute 'on_analysis_started'
2025-08-16 22:27:16 - main - ERROR - ê¸°ëŠ¥ ëª¨ë“ˆ ë¡œë“œ ì‹¤íŒ¨: 'PowerLinkResultsWidget' object has no attribute 'on_analysis_started'
2025-08-16 22:27:16 - main - ERROR - ìƒì„¸ ì˜¤ë¥˜: Traceback (most recent call last):
  File "C:\Users\wogud\OneDrive\Desktop\í´ë¡œë“œì½”ë“œ\integrated_management_system\main.py", line 42, in load_features
    register_powerlink(app)
    ~~~~~~~~~~~~~~~~~~^^^^^
  File "C:\Users\wogud\OneDrive\Desktop\í´ë¡œë“œì½”ë“œ\integrated_management_system\src\features\powerlink_analyzer\__init__.py", line 14, in register
    widget = PowerLinkAnalyzerWidget()
  File "C:\Users\wogud\OneDrive\Desktop\í´ë¡œë“œì½”ë“œ\integrated_management_system\src\features\powerlink_analyzer\ui.py", line 23, in __init__
    self.setup_connections()
    ~~~~~~~~~~~~~~~~~~~~~~^^
  File "C:\Users\wogud\OneDrive\Desktop\í´ë¡œë“œì½”ë“œ\integrated_management_system\src\features\powerlink_analyzer\ui.py", line 151, in setup_connections
    self.control_widget.analysis_started.connect(self.results_widget.on_analysis_started)
                                                 ^^^^^^^^^^^^^^^^^^^^^^^^^^^^^^^^^^^^^^^
AttributeError: 'PowerLinkResultsWidget' object has no attribute 'on_analysis_started'

2025-08-16 22:27:16 - desktop.app - ERROR - ì• í”Œë¦¬ì¼€ì´ì…˜ ì‹¤í–‰ ì‹¤íŒ¨: 'PowerLinkResultsWidget' object has no attribute 'on_analysis_started'
2025-08-16 22:27:16 - main - ERROR - ì• í”Œë¦¬ì¼€ì´ì…˜ ì‹œì‘ ì‹¤íŒ¨: 'PowerLinkResultsWidget' object has no attribute 'on_analysis_started'
2025-08-16 22:27:24 - main - ERROR - ê¸°ëŠ¥ ëª¨ë“ˆ ë¡œë“œ ì‹¤íŒ¨: 'PowerLinkResultsWidget' object has no attribute 'on_analysis_started'
2025-08-16 22:27:24 - main - ERROR - ìƒì„¸ ì˜¤ë¥˜: Traceback (most recent call last):
  File "c:\Users\wogud\OneDrive\Desktop\í´ë¡œë“œì½”ë“œ\integrated_management_system\main.py", line 42, in load_features
    register_powerlink(app)
    ~~~~~~~~~~~~~~~~~~^^^^^
  File "c:\Users\wogud\OneDrive\Desktop\í´ë¡œë“œì½”ë“œ\integrated_management_system\src\features\powerlink_analyzer\__init__.py", line 14, in register
    widget = PowerLinkAnalyzerWidget()
  File "c:\Users\wogud\OneDrive\Desktop\í´ë¡œë“œì½”ë“œ\integrated_management_system\src\features\powerlink_analyzer\ui.py", line 23, in __init__
    self.setup_connections()
    ~~~~~~~~~~~~~~~~~~~~~~^^
  File "c:\Users\wogud\OneDrive\Desktop\í´ë¡œë“œì½”ë“œ\integrated_management_system\src\features\powerlink_analyzer\ui.py", line 151, in setup_connections
    self.control_widget.analysis_started.connect(self.results_widget.on_analysis_started)
                                                 ^^^^^^^^^^^^^^^^^^^^^^^^^^^^^^^^^^^^^^^
AttributeError: 'PowerLinkResultsWidget' object has no attribute 'on_analysis_started'

2025-08-16 22:27:24 - desktop.app - ERROR - ì• í”Œë¦¬ì¼€ì´ì…˜ ì‹¤í–‰ ì‹¤íŒ¨: 'PowerLinkResultsWidget' object has no attribute 'on_analysis_started'
2025-08-16 22:27:24 - main - ERROR - ì• í”Œë¦¬ì¼€ì´ì…˜ ì‹œì‘ ì‹¤íŒ¨: 'PowerLinkResultsWidget' object has no attribute 'on_analysis_started'
2025-08-16 22:28:26 - main - ERROR - ê¸°ëŠ¥ ëª¨ë“ˆ ë¡œë“œ ì‹¤íŒ¨: 'PowerLinkResultsWidget' object has no attribute 'on_analysis_started'
2025-08-16 22:28:26 - main - ERROR - ìƒì„¸ ì˜¤ë¥˜: Traceback (most recent call last):
  File "c:\Users\wogud\OneDrive\Desktop\í´ë¡œë“œì½”ë“œ\integrated_management_system\main.py", line 42, in load_features
    register_powerlink(app)
    ~~~~~~~~~~~~~~~~~~^^^^^
  File "c:\Users\wogud\OneDrive\Desktop\í´ë¡œë“œì½”ë“œ\integrated_management_system\src\features\powerlink_analyzer\__init__.py", line 14, in register
    widget = PowerLinkAnalyzerWidget()
  File "c:\Users\wogud\OneDrive\Desktop\í´ë¡œë“œì½”ë“œ\integrated_management_system\src\features\powerlink_analyzer\ui.py", line 23, in __init__
    self.setup_connections()
    ~~~~~~~~~~~~~~~~~~~~~~^^
  File "c:\Users\wogud\OneDrive\Desktop\í´ë¡œë“œì½”ë“œ\integrated_management_system\src\features\powerlink_analyzer\ui.py", line 151, in setup_connections
    self.control_widget.analysis_started.connect(self.results_widget.on_analysis_started)
                                                 ^^^^^^^^^^^^^^^^^^^^^^^^^^^^^^^^^^^^^^^
AttributeError: 'PowerLinkResultsWidget' object has no attribute 'on_analysis_started'

2025-08-16 22:28:26 - desktop.app - ERROR - ì• í”Œë¦¬ì¼€ì´ì…˜ ì‹¤í–‰ ì‹¤íŒ¨: 'PowerLinkResultsWidget' object has no attribute 'on_analysis_started'
2025-08-16 22:28:26 - main - ERROR - ì• í”Œë¦¬ì¼€ì´ì…˜ ì‹œì‘ ì‹¤íŒ¨: 'PowerLinkResultsWidget' object has no attribute 'on_analysis_started'
2025-08-16 22:28:34 - main - ERROR - ê¸°ëŠ¥ ëª¨ë“ˆ ë¡œë“œ ì‹¤íŒ¨: 'PowerLinkResultsWidget' object has no attribute 'on_analysis_started'
2025-08-16 22:28:34 - main - ERROR - ìƒì„¸ ì˜¤ë¥˜: Traceback (most recent call last):
  File "c:\Users\wogud\OneDrive\Desktop\í´ë¡œë“œì½”ë“œ\integrated_management_system\main.py", line 42, in load_features
    register_powerlink(app)
    ~~~~~~~~~~~~~~~~~~^^^^^
  File "c:\Users\wogud\OneDrive\Desktop\í´ë¡œë“œì½”ë“œ\integrated_management_system\src\features\powerlink_analyzer\__init__.py", line 14, in register
    widget = PowerLinkAnalyzerWidget()
  File "c:\Users\wogud\OneDrive\Desktop\í´ë¡œë“œì½”ë“œ\integrated_management_system\src\features\powerlink_analyzer\ui.py", line 23, in __init__
    self.setup_connections()
    ~~~~~~~~~~~~~~~~~~~~~~^^
  File "c:\Users\wogud\OneDrive\Desktop\í´ë¡œë“œì½”ë“œ\integrated_management_system\src\features\powerlink_analyzer\ui.py", line 151, in setup_connections
    self.control_widget.analysis_started.connect(self.results_widget.on_analysis_started)
                                                 ^^^^^^^^^^^^^^^^^^^^^^^^^^^^^^^^^^^^^^^
AttributeError: 'PowerLinkResultsWidget' object has no attribute 'on_analysis_started'

2025-08-16 22:28:34 - desktop.app - ERROR - ì• í”Œë¦¬ì¼€ì´ì…˜ ì‹¤í–‰ ì‹¤íŒ¨: 'PowerLinkResultsWidget' object has no attribute 'on_analysis_started'
2025-08-16 22:28:34 - main - ERROR - ì• í”Œë¦¬ì¼€ì´ì…˜ ì‹œì‘ ì‹¤íŒ¨: 'PowerLinkResultsWidget' object has no attribute 'on_analysis_started'
2025-08-16 22:39:45 - main - ERROR - ê¸°ëŠ¥ ëª¨ë“ˆ ë¡œë“œ ì‹¤íŒ¨: 'PowerLinkResultsWidget' object has no attribute 'save_current_analysis'
2025-08-16 22:39:45 - main - ERROR - ìƒì„¸ ì˜¤ë¥˜: Traceback (most recent call last):
  File "C:\Users\wogud\OneDrive\Desktop\í´ë¡œë“œì½”ë“œ\integrated_management_system\main.py", line 42, in load_features
    register_powerlink(app)
    ~~~~~~~~~~~~~~~~~~^^^^^
  File "C:\Users\wogud\OneDrive\Desktop\í´ë¡œë“œì½”ë“œ\integrated_management_system\src\features\powerlink_analyzer\__init__.py", line 14, in register
    widget = PowerLinkAnalyzerWidget()
  File "C:\Users\wogud\OneDrive\Desktop\í´ë¡œë“œì½”ë“œ\integrated_management_system\src\features\powerlink_analyzer\ui.py", line 22, in __init__
    self.setup_ui()
    ~~~~~~~~~~~~~^^
  File "C:\Users\wogud\OneDrive\Desktop\í´ë¡œë“œì½”ë“œ\integrated_management_system\src\features\powerlink_analyzer\ui.py", line 50, in setup_ui
    self.results_widget = PowerLinkResultsWidget()
                          ~~~~~~~~~~~~~~~~~~~~~~^^
  File "C:\Users\wogud\OneDrive\Desktop\í´ë¡œë“œì½”ë“œ\integrated_management_system\src\features\powerlink_analyzer\results_widget.py", line 371, in __init__
    self.setup_connections()
    ~~~~~~~~~~~~~~~~~~~~~~^^
  File "C:\Users\wogud\OneDrive\Desktop\í´ë¡œë“œì½”ë“œ\integrated_management_system\src\features\powerlink_analyzer\results_widget.py", line 654, in setup_connections
    self.save_analysis_button.clicked.connect(self.save_current_analysis)
                                              ^^^^^^^^^^^^^^^^^^^^^^^^^^
AttributeError: 'PowerLinkResultsWidget' object has no attribute 'save_current_analysis'

2025-08-16 22:39:45 - desktop.app - ERROR - ì• í”Œë¦¬ì¼€ì´ì…˜ ì‹¤í–‰ ì‹¤íŒ¨: 'PowerLinkResultsWidget' object has no attribute 'save_current_analysis'
2025-08-16 22:39:45 - main - ERROR - ì• í”Œë¦¬ì¼€ì´ì…˜ ì‹œì‘ ì‹¤íŒ¨: 'PowerLinkResultsWidget' object has no attribute 'save_current_analysis'
2025-08-16 22:41:36 - main - ERROR - ê¸°ëŠ¥ ëª¨ë“ˆ ë¡œë“œ ì‹¤íŒ¨: 'PowerLinkResultsWidget' object has no attribute 'save_current_analysis'
2025-08-16 22:41:36 - main - ERROR - ìƒì„¸ ì˜¤ë¥˜: Traceback (most recent call last):
  File "C:\Users\wogud\OneDrive\Desktop\í´ë¡œë“œì½”ë“œ\integrated_management_system\main.py", line 42, in load_features
    register_powerlink(app)
    ~~~~~~~~~~~~~~~~~~^^^^^
  File "C:\Users\wogud\OneDrive\Desktop\í´ë¡œë“œì½”ë“œ\integrated_management_system\src\features\powerlink_analyzer\__init__.py", line 14, in register
    widget = PowerLinkAnalyzerWidget()
  File "C:\Users\wogud\OneDrive\Desktop\í´ë¡œë“œì½”ë“œ\integrated_management_system\src\features\powerlink_analyzer\ui.py", line 22, in __init__
    self.setup_ui()
    ~~~~~~~~~~~~~^^
  File "C:\Users\wogud\OneDrive\Desktop\í´ë¡œë“œì½”ë“œ\integrated_management_system\src\features\powerlink_analyzer\ui.py", line 50, in setup_ui
    self.results_widget = PowerLinkResultsWidget()
                          ~~~~~~~~~~~~~~~~~~~~~~^^
  File "C:\Users\wogud\OneDrive\Desktop\í´ë¡œë“œì½”ë“œ\integrated_management_system\src\features\powerlink_analyzer\results_widget.py", line 371, in __init__
    self.setup_connections()
    ~~~~~~~~~~~~~~~~~~~~~~^^
  File "C:\Users\wogud\OneDrive\Desktop\í´ë¡œë“œì½”ë“œ\integrated_management_system\src\features\powerlink_analyzer\results_widget.py", line 654, in setup_connections
    self.save_analysis_button.clicked.connect(self.save_current_analysis)
                                              ^^^^^^^^^^^^^^^^^^^^^^^^^^
AttributeError: 'PowerLinkResultsWidget' object has no attribute 'save_current_analysis'

2025-08-16 22:41:36 - desktop.app - ERROR - ì• í”Œë¦¬ì¼€ì´ì…˜ ì‹¤í–‰ ì‹¤íŒ¨: 'PowerLinkResultsWidget' object has no attribute 'save_current_analysis'
2025-08-16 22:41:36 - main - ERROR - ì• í”Œë¦¬ì¼€ì´ì…˜ ì‹œì‘ ì‹¤íŒ¨: 'PowerLinkResultsWidget' object has no attribute 'save_current_analysis'
2025-08-16 22:42:54 - main - ERROR - ê¸°ëŠ¥ ëª¨ë“ˆ ë¡œë“œ ì‹¤íŒ¨: 'PowerLinkResultsWidget' object has no attribute 'clear_all_analysis'
2025-08-16 22:42:54 - main - ERROR - ìƒì„¸ ì˜¤ë¥˜: Traceback (most recent call last):
  File "C:\Users\wogud\OneDrive\Desktop\í´ë¡œë“œì½”ë“œ\integrated_management_system\main.py", line 42, in load_features
    register_powerlink(app)
    ~~~~~~~~~~~~~~~~~~^^^^^
  File "C:\Users\wogud\OneDrive\Desktop\í´ë¡œë“œì½”ë“œ\integrated_management_system\src\features\powerlink_analyzer\__init__.py", line 14, in register
    widget = PowerLinkAnalyzerWidget()
  File "C:\Users\wogud\OneDrive\Desktop\í´ë¡œë“œì½”ë“œ\integrated_management_system\src\features\powerlink_analyzer\ui.py", line 22, in __init__
    self.setup_ui()
    ~~~~~~~~~~~~~^^
  File "C:\Users\wogud\OneDrive\Desktop\í´ë¡œë“œì½”ë“œ\integrated_management_system\src\features\powerlink_analyzer\ui.py", line 50, in setup_ui
    self.results_widget = PowerLinkResultsWidget()
                          ~~~~~~~~~~~~~~~~~~~~~~^^
  File "C:\Users\wogud\OneDrive\Desktop\í´ë¡œë“œì½”ë“œ\integrated_management_system\src\features\powerlink_analyzer\results_widget.py", line 371, in __init__
    self.setup_connections()
    ~~~~~~~~~~~~~~~~~~~~~~^^
  File "C:\Users\wogud\OneDrive\Desktop\í´ë¡œë“œì½”ë“œ\integrated_management_system\src\features\powerlink_analyzer\results_widget.py", line 653, in setup_connections
    self.clear_button.clicked.connect(self.clear_all_analysis)
                                      ^^^^^^^^^^^^^^^^^^^^^^^
AttributeError: 'PowerLinkResultsWidget' object has no attribute 'clear_all_analysis'

2025-08-16 22:42:54 - desktop.app - ERROR - ì• í”Œë¦¬ì¼€ì´ì…˜ ì‹¤í–‰ ì‹¤íŒ¨: 'PowerLinkResultsWidget' object has no attribute 'clear_all_analysis'
2025-08-16 22:42:54 - main - ERROR - ì• í”Œë¦¬ì¼€ì´ì…˜ ì‹œì‘ ì‹¤íŒ¨: 'PowerLinkResultsWidget' object has no attribute 'clear_all_analysis'
2025-08-16 22:43:32 - main - ERROR - ê¸°ëŠ¥ ëª¨ë“ˆ ë¡œë“œ ì‹¤íŒ¨: 'PowerLinkResultsWidget' object has no attribute 'clear_all_analysis'
2025-08-16 22:43:32 - main - ERROR - ìƒì„¸ ì˜¤ë¥˜: Traceback (most recent call last):
  File "c:\Users\wogud\OneDrive\Desktop\í´ë¡œë“œì½”ë“œ\integrated_management_system\main.py", line 42, in load_features
    register_powerlink(app)
    ~~~~~~~~~~~~~~~~~~^^^^^
  File "c:\Users\wogud\OneDrive\Desktop\í´ë¡œë“œì½”ë“œ\integrated_management_system\src\features\powerlink_analyzer\__init__.py", line 14, in register
    widget = PowerLinkAnalyzerWidget()
  File "c:\Users\wogud\OneDrive\Desktop\í´ë¡œë“œì½”ë“œ\integrated_management_system\src\features\powerlink_analyzer\ui.py", line 22, in __init__
    self.setup_ui()
    ~~~~~~~~~~~~~^^
  File "c:\Users\wogud\OneDrive\Desktop\í´ë¡œë“œì½”ë“œ\integrated_management_system\src\features\powerlink_analyzer\ui.py", line 50, in setup_ui
    self.results_widget = PowerLinkResultsWidget()
                          ~~~~~~~~~~~~~~~~~~~~~~^^
  File "c:\Users\wogud\OneDrive\Desktop\í´ë¡œë“œì½”ë“œ\integrated_management_system\src\features\powerlink_analyzer\results_widget.py", line 371, in __init__
    self.setup_connections()
    ~~~~~~~~~~~~~~~~~~~~~~^^
  File "c:\Users\wogud\OneDrive\Desktop\í´ë¡œë“œì½”ë“œ\integrated_management_system\src\features\powerlink_analyzer\results_widget.py", line 653, in setup_connections
    self.clear_button.clicked.connect(self.clear_all_analysis)
                                      ^^^^^^^^^^^^^^^^^^^^^^^
AttributeError: 'PowerLinkResultsWidget' object has no attribute 'clear_all_analysis'

2025-08-16 22:43:32 - desktop.app - ERROR - ì• í”Œë¦¬ì¼€ì´ì…˜ ì‹¤í–‰ ì‹¤íŒ¨: 'PowerLinkResultsWidget' object has no attribute 'clear_all_analysis'
2025-08-16 22:43:32 - main - ERROR - ì• í”Œë¦¬ì¼€ì´ì…˜ ì‹œì‘ ì‹¤íŒ¨: 'PowerLinkResultsWidget' object has no attribute 'clear_all_analysis'
2025-08-16 22:43:35 - main - ERROR - ê¸°ëŠ¥ ëª¨ë“ˆ ë¡œë“œ ì‹¤íŒ¨: 'PowerLinkResultsWidget' object has no attribute 'clear_all_analysis'
2025-08-16 22:43:35 - main - ERROR - ìƒì„¸ ì˜¤ë¥˜: Traceback (most recent call last):
  File "c:\Users\wogud\OneDrive\Desktop\í´ë¡œë“œì½”ë“œ\integrated_management_system\main.py", line 42, in load_features
    register_powerlink(app)
    ~~~~~~~~~~~~~~~~~~^^^^^
  File "c:\Users\wogud\OneDrive\Desktop\í´ë¡œë“œì½”ë“œ\integrated_management_system\src\features\powerlink_analyzer\__init__.py", line 14, in register
    widget = PowerLinkAnalyzerWidget()
  File "c:\Users\wogud\OneDrive\Desktop\í´ë¡œë“œì½”ë“œ\integrated_management_system\src\features\powerlink_analyzer\ui.py", line 22, in __init__
    self.setup_ui()
    ~~~~~~~~~~~~~^^
  File "c:\Users\wogud\OneDrive\Desktop\í´ë¡œë“œì½”ë“œ\integrated_management_system\src\features\powerlink_analyzer\ui.py", line 50, in setup_ui
    self.results_widget = PowerLinkResultsWidget()
                          ~~~~~~~~~~~~~~~~~~~~~~^^
  File "c:\Users\wogud\OneDrive\Desktop\í´ë¡œë“œì½”ë“œ\integrated_management_system\src\features\powerlink_analyzer\results_widget.py", line 371, in __init__
    self.setup_connections()
    ~~~~~~~~~~~~~~~~~~~~~~^^
  File "c:\Users\wogud\OneDrive\Desktop\í´ë¡œë“œì½”ë“œ\integrated_management_system\src\features\powerlink_analyzer\results_widget.py", line 653, in setup_connections
    self.clear_button.clicked.connect(self.clear_all_analysis)
                                      ^^^^^^^^^^^^^^^^^^^^^^^
AttributeError: 'PowerLinkResultsWidget' object has no attribute 'clear_all_analysis'

2025-08-16 22:43:35 - desktop.app - ERROR - ì• í”Œë¦¬ì¼€ì´ì…˜ ì‹¤í–‰ ì‹¤íŒ¨: 'PowerLinkResultsWidget' object has no attribute 'clear_all_analysis'
2025-08-16 22:43:35 - main - ERROR - ì• í”Œë¦¬ì¼€ì´ì…˜ ì‹œì‘ ì‹¤íŒ¨: 'PowerLinkResultsWidget' object has no attribute 'clear_all_analysis'
2025-08-16 22:43:47 - main - ERROR - ê¸°ëŠ¥ ëª¨ë“ˆ ë¡œë“œ ì‹¤íŒ¨: 'PowerLinkResultsWidget' object has no attribute 'clear_all_analysis'
2025-08-16 22:43:47 - main - ERROR - ìƒì„¸ ì˜¤ë¥˜: Traceback (most recent call last):
  File "c:\Users\wogud\OneDrive\Desktop\í´ë¡œë“œì½”ë“œ\integrated_management_system\main.py", line 42, in load_features
    register_powerlink(app)
    ~~~~~~~~~~~~~~~~~~^^^^^
  File "c:\Users\wogud\OneDrive\Desktop\í´ë¡œë“œì½”ë“œ\integrated_management_system\src\features\powerlink_analyzer\__init__.py", line 14, in register
    widget = PowerLinkAnalyzerWidget()
  File "c:\Users\wogud\OneDrive\Desktop\í´ë¡œë“œì½”ë“œ\integrated_management_system\src\features\powerlink_analyzer\ui.py", line 22, in __init__
    self.setup_ui()
    ~~~~~~~~~~~~~^^
  File "c:\Users\wogud\OneDrive\Desktop\í´ë¡œë“œì½”ë“œ\integrated_management_system\src\features\powerlink_analyzer\ui.py", line 50, in setup_ui
    self.results_widget = PowerLinkResultsWidget()
                          ~~~~~~~~~~~~~~~~~~~~~~^^
  File "c:\Users\wogud\OneDrive\Desktop\í´ë¡œë“œì½”ë“œ\integrated_management_system\src\features\powerlink_analyzer\results_widget.py", line 371, in __init__
    self.setup_connections()
    ~~~~~~~~~~~~~~~~~~~~~~^^
  File "c:\Users\wogud\OneDrive\Desktop\í´ë¡œë“œì½”ë“œ\integrated_management_system\src\features\powerlink_analyzer\results_widget.py", line 653, in setup_connections
    self.clear_button.clicked.connect(self.clear_all_analysis)
                                      ^^^^^^^^^^^^^^^^^^^^^^^
AttributeError: 'PowerLinkResultsWidget' object has no attribute 'clear_all_analysis'

2025-08-16 22:43:47 - desktop.app - ERROR - ì• í”Œë¦¬ì¼€ì´ì…˜ ì‹¤í–‰ ì‹¤íŒ¨: 'PowerLinkResultsWidget' object has no attribute 'clear_all_analysis'
2025-08-16 22:43:47 - main - ERROR - ì• í”Œë¦¬ì¼€ì´ì…˜ ì‹œì‘ ì‹¤íŒ¨: 'PowerLinkResultsWidget' object has no attribute 'clear_all_analysis'
2025-08-16 23:49:37 - features.powerlink_analyzer.excel_export - ERROR - PowerLink ì—‘ì…€ íŒŒì¼ ìƒì„± ì‹¤íŒ¨: 'dict' object has no attribute 'mobile_recommendation_rank'
