2025-08-20 10:48:28 - features.rank_tracking.ranking_table_widget - ERROR - í‚¤ì›Œë“œ 'ê°•ì•„ì§€ì‚¬ë£Œ' ì›”ê²€ìƒ‰ëŸ‰ í…Œì´ë¸” ì—…ë°ì´íŠ¸ ì‹¤íŒ¨: 'ModernTableWidget' object has no attribute 'invisibleRootItem'
2025-08-20 10:48:28 - features.rank_tracking.ranking_table_widget - ERROR - í‚¤ì›Œë“œ 'ê°•ì•„ì§€ì‚¬ë£Œ' ì¹´í…Œê³ ë¦¬ í…Œì´ë¸” ì—…ë°ì´íŠ¸ ì‹¤íŒ¨: 'ModernTableWidget' object has no attribute 'invisibleRootItem'
2025-08-20 11:00:17 - features.rank_tracking.ranking_table_widget - ERROR - ìƒˆ ìˆœìœ„ ì»¬ëŸ¼ ì¶”ê°€ ì‹¤íŒ¨: setData expected 2 arguments, got 3
2025-08-20 11:00:19 - features.rank_tracking.ranking_table_widget - ERROR - í‚¤ì›Œë“œ ìˆœìœ„ ì‹¤ì‹œê°„ ì—…ë°ì´íŠ¸ ì‹¤íŒ¨: 'ModernTableWidget' object has no attribute 'topLevelItemCount'
2025-08-20 11:00:19 - features.rank_tracking.ranking_table_widget - ERROR - í‚¤ì›Œë“œ ìˆœìœ„ ì‹¤ì‹œê°„ ì—…ë°ì´íŠ¸ ì‹¤íŒ¨: 'ModernTableWidget' object has no attribute 'topLevelItemCount'
2025-08-20 11:00:19 - features.rank_tracking.ranking_table_widget - ERROR - í‚¤ì›Œë“œ ìˆœìœ„ ì‹¤ì‹œê°„ ì—…ë°ì´íŠ¸ ì‹¤íŒ¨: 'ModernTableWidget' object has no attribute 'topLevelItemCount'
2025-08-20 11:00:20 - features.rank_tracking.ranking_table_widget - ERROR - í‚¤ì›Œë“œ ìˆœìœ„ ì‹¤ì‹œê°„ ì—…ë°ì´íŠ¸ ì‹¤íŒ¨: 'ModernTableWidget' object has no attribute 'topLevelItemCount'
2025-08-20 12:17:15 - features.rank_tracking.service - ERROR - ë‹¨ì¼ í”„ë¡œì íŠ¸ ë‚´ë³´ë‚´ê¸° ì˜¤ë¥˜: No module named 'src.features.service'
2025-08-20 12:17:16 - features.rank_tracking.service - ERROR - ë‹¨ì¼ í”„ë¡œì íŠ¸ ë‚´ë³´ë‚´ê¸° ì˜¤ë¥˜: No module named 'src.features.service'
2025-08-20 12:50:19 - features.rank_tracking.service - ERROR - í‚¤ì›Œë“œ ì¶”ê°€ ì‹¤íŒ¨: ê°•ì•„ì§€ì‚¬ë£Œ: í‚¤ì›Œë“œ 'ê°•ì•„ì§€ì‚¬ë£Œ'ëŠ” ì´ë¯¸ ë“±ë¡ë˜ì–´ ìˆìŠµë‹ˆë‹¤.
2025-08-20 12:52:54 - features.rank_tracking.service - ERROR - í‚¤ì›Œë“œ ì¶”ê°€ ì‹¤íŒ¨: ê°•ì•„ì§€ê»Œ: í‚¤ì›Œë“œ 'ê°•ì•„ì§€ê»Œ'ëŠ” ì´ë¯¸ ë“±ë¡ë˜ì–´ ìˆìŠµë‹ˆë‹¤.
2025-08-20 13:04:41 - features.rank_tracking.service - ERROR - í‚¤ì›Œë“œ ì¶”ê°€ ì‹¤íŒ¨: ê°•ì•„ì§€ì‚¬ë£Œ: í‚¤ì›Œë“œ 'ê°•ì•„ì§€ì‚¬ë£Œ'ëŠ” ì´ë¯¸ ë“±ë¡ë˜ì–´ ìˆìŠµë‹ˆë‹¤.
2025-08-20 14:18:36 - features.rank_tracking.service - ERROR - í‚¤ì›Œë“œ ì¶”ê°€ ì‹¤íŒ¨: ê°•ì•„ì§€ê»Œ: í‚¤ì›Œë“œ 'ê°•ì•„ì§€ê»Œ'ëŠ” ì´ë¯¸ ë“±ë¡ë˜ì–´ ìˆìŠµë‹ˆë‹¤.
2025-08-20 14:18:49 - features.rank_tracking.worker - ERROR - ì›Œì»¤ ìƒì„±/ì‹œì‘ ì‹¤íŒ¨: name 'datetime' is not defined
2025-08-20 14:18:50 - features.rank_tracking.worker - ERROR - ì›Œì»¤ ìƒì„±/ì‹œì‘ ì‹¤íŒ¨: name 'datetime' is not defined
2025-08-20 14:23:05 - features.rank_tracking.worker - ERROR - ì›Œì»¤ ìƒì„±/ì‹œì‘ ì‹¤íŒ¨: name 'datetime' is not defined
2025-08-20 14:23:08 - features.rank_tracking.worker - ERROR - ì›Œì»¤ ìƒì„±/ì‹œì‘ ì‹¤íŒ¨: name 'datetime' is not defined
2025-08-20 14:23:09 - features.rank_tracking.worker - ERROR - ì›Œì»¤ ìƒì„±/ì‹œì‘ ì‹¤íŒ¨: name 'datetime' is not defined
2025-08-20 14:33:30 - features.rank_tracking.worker - ERROR - ì›Œì»¤ ìƒì„±/ì‹œì‘ ì‹¤íŒ¨: name 'datetime' is not defined
2025-08-20 14:33:30 - features.rank_tracking.ranking_table_widget - ERROR - ìˆœìœ„ í™•ì¸ ì‹œì‘ ì‹¤íŒ¨
2025-08-20 14:33:32 - features.rank_tracking.worker - ERROR - ì›Œì»¤ ìƒì„±/ì‹œì‘ ì‹¤íŒ¨: name 'datetime' is not defined
2025-08-20 14:33:32 - features.rank_tracking.ranking_table_widget - ERROR - ìˆœìœ„ í™•ì¸ ì‹œì‘ ì‹¤íŒ¨
2025-08-20 16:38:34 - features.keyword_analysis - ERROR - í‚¤ì›Œë“œ ë¶„ì„ ê¸°ëŠ¥ ë“±ë¡ ì‹¤íŒ¨: No module named 'src.toolbox.validators'
2025-08-20 16:38:34 - main - ERROR - ê¸°ëŠ¥ ëª¨ë“ˆ ë¡œë“œ ì‹¤íŒ¨: No module named 'src.toolbox.validators'
2025-08-20 16:38:34 - main - ERROR - ìƒì„¸ ì˜¤ë¥˜: Traceback (most recent call last):
  File "C:\Users\wogud\OneDrive\Desktop\í´ë¡œë“œì½”ë“œ\integrated_management_system\main.py", line 24, in load_features
    register_keyword_analysis(app)
    ~~~~~~~~~~~~~~~~~~~~~~~~~^^^^^
  File "C:\Users\wogud\OneDrive\Desktop\í´ë¡œë“œì½”ë“œ\integrated_management_system\src\features\keyword_analysis\__init__.py", line 16, in register
    from .ui import KeywordAnalysisWidget
  File "C:\Users\wogud\OneDrive\Desktop\í´ë¡œë“œì½”ë“œ\integrated_management_system\src\features\keyword_analysis\ui.py", line 23, in <module>
    from src.toolbox.validators import parse_keywords, filter_unique_keywords_with_skipped
ModuleNotFoundError: No module named 'src.toolbox.validators'

2025-08-20 16:38:34 - desktop.app - ERROR - ì• í”Œë¦¬ì¼€ì´ì…˜ ì‹¤í–‰ ì‹¤íŒ¨: No module named 'src.toolbox.validators'
2025-08-20 16:38:34 - main - ERROR - ì• í”Œë¦¬ì¼€ì´ì…˜ ì‹œì‘ ì‹¤íŒ¨: No module named 'src.toolbox.validators'
2025-08-20 16:38:45 - features.keyword_analysis - ERROR - í‚¤ì›Œë“œ ë¶„ì„ ê¸°ëŠ¥ ë“±ë¡ ì‹¤íŒ¨: No module named 'src.toolbox.validators'
2025-08-20 16:38:45 - main - ERROR - ê¸°ëŠ¥ ëª¨ë“ˆ ë¡œë“œ ì‹¤íŒ¨: No module named 'src.toolbox.validators'
2025-08-20 16:38:45 - main - ERROR - ìƒì„¸ ì˜¤ë¥˜: Traceback (most recent call last):
  File "C:\Users\wogud\OneDrive\Desktop\í´ë¡œë“œì½”ë“œ\integrated_management_system\main.py", line 24, in load_features
    register_keyword_analysis(app)
    ~~~~~~~~~~~~~~~~~~~~~~~~~^^^^^
  File "C:\Users\wogud\OneDrive\Desktop\í´ë¡œë“œì½”ë“œ\integrated_management_system\src\features\keyword_analysis\__init__.py", line 16, in register
    from .ui import KeywordAnalysisWidget
  File "C:\Users\wogud\OneDrive\Desktop\í´ë¡œë“œì½”ë“œ\integrated_management_system\src\features\keyword_analysis\ui.py", line 23, in <module>
    from src.toolbox.validators import parse_keywords, filter_unique_keywords_with_skipped
ModuleNotFoundError: No module named 'src.toolbox.validators'

2025-08-20 16:38:45 - desktop.app - ERROR - ì• í”Œë¦¬ì¼€ì´ì…˜ ì‹¤í–‰ ì‹¤íŒ¨: No module named 'src.toolbox.validators'
2025-08-20 16:38:45 - main - ERROR - ì• í”Œë¦¬ì¼€ì´ì…˜ ì‹œì‘ ì‹¤íŒ¨: No module named 'src.toolbox.validators'
2025-08-20 16:38:53 - features.keyword_analysis - ERROR - í‚¤ì›Œë“œ ë¶„ì„ ê¸°ëŠ¥ ë“±ë¡ ì‹¤íŒ¨: No module named 'src.toolbox.validators'
2025-08-20 16:38:53 - main - ERROR - ê¸°ëŠ¥ ëª¨ë“ˆ ë¡œë“œ ì‹¤íŒ¨: No module named 'src.toolbox.validators'
2025-08-20 16:38:53 - main - ERROR - ìƒì„¸ ì˜¤ë¥˜: Traceback (most recent call last):
  File "C:\Users\wogud\OneDrive\Desktop\í´ë¡œë“œì½”ë“œ\integrated_management_system\main.py", line 24, in load_features
    register_keyword_analysis(app)
    ~~~~~~~~~~~~~~~~~~~~~~~~~^^^^^
  File "C:\Users\wogud\OneDrive\Desktop\í´ë¡œë“œì½”ë“œ\integrated_management_system\src\features\keyword_analysis\__init__.py", line 16, in register
    from .ui import KeywordAnalysisWidget
  File "C:\Users\wogud\OneDrive\Desktop\í´ë¡œë“œì½”ë“œ\integrated_management_system\src\features\keyword_analysis\ui.py", line 23, in <module>
    from src.toolbox.validators import parse_keywords, filter_unique_keywords_with_skipped
ModuleNotFoundError: No module named 'src.toolbox.validators'

2025-08-20 16:38:53 - desktop.app - ERROR - ì• í”Œë¦¬ì¼€ì´ì…˜ ì‹¤í–‰ ì‹¤íŒ¨: No module named 'src.toolbox.validators'
2025-08-20 16:38:53 - main - ERROR - ì• í”Œë¦¬ì¼€ì´ì…˜ ì‹œì‘ ì‹¤íŒ¨: No module named 'src.toolbox.validators'
2025-08-20 16:39:00 - features.keyword_analysis - ERROR - í‚¤ì›Œë“œ ë¶„ì„ ê¸°ëŠ¥ ë“±ë¡ ì‹¤íŒ¨: No module named 'src.toolbox.validators'
2025-08-20 16:39:00 - main - ERROR - ê¸°ëŠ¥ ëª¨ë“ˆ ë¡œë“œ ì‹¤íŒ¨: No module named 'src.toolbox.validators'
2025-08-20 16:39:00 - main - ERROR - ìƒì„¸ ì˜¤ë¥˜: Traceback (most recent call last):
  File "C:\Users\wogud\OneDrive\Desktop\í´ë¡œë“œì½”ë“œ\integrated_management_system\main.py", line 24, in load_features
    register_keyword_analysis(app)
    ~~~~~~~~~~~~~~~~~~~~~~~~~^^^^^
  File "C:\Users\wogud\OneDrive\Desktop\í´ë¡œë“œì½”ë“œ\integrated_management_system\src\features\keyword_analysis\__init__.py", line 16, in register
    from .ui import KeywordAnalysisWidget
  File "C:\Users\wogud\OneDrive\Desktop\í´ë¡œë“œì½”ë“œ\integrated_management_system\src\features\keyword_analysis\ui.py", line 23, in <module>
    from src.toolbox.validators import parse_keywords, filter_unique_keywords_with_skipped
ModuleNotFoundError: No module named 'src.toolbox.validators'

2025-08-20 16:39:00 - desktop.app - ERROR - ì• í”Œë¦¬ì¼€ì´ì…˜ ì‹¤í–‰ ì‹¤íŒ¨: No module named 'src.toolbox.validators'
2025-08-20 16:39:00 - main - ERROR - ì• í”Œë¦¬ì¼€ì´ì…˜ ì‹œì‘ ì‹¤íŒ¨: No module named 'src.toolbox.validators'
2025-08-20 16:39:26 - features.keyword_analysis - ERROR - í‚¤ì›Œë“œ ë¶„ì„ ê¸°ëŠ¥ ë“±ë¡ ì‹¤íŒ¨: No module named 'src.toolbox.validators'
2025-08-20 16:39:26 - main - ERROR - ê¸°ëŠ¥ ëª¨ë“ˆ ë¡œë“œ ì‹¤íŒ¨: No module named 'src.toolbox.validators'
2025-08-20 16:39:26 - main - ERROR - ìƒì„¸ ì˜¤ë¥˜: Traceback (most recent call last):
  File "c:\Users\wogud\OneDrive\Desktop\í´ë¡œë“œì½”ë“œ\integrated_management_system\main.py", line 24, in load_features
    register_keyword_analysis(app)
    ~~~~~~~~~~~~~~~~~~~~~~~~~^^^^^
  File "c:\Users\wogud\OneDrive\Desktop\í´ë¡œë“œì½”ë“œ\integrated_management_system\src\features\keyword_analysis\__init__.py", line 16, in register
    from .ui import KeywordAnalysisWidget
  File "c:\Users\wogud\OneDrive\Desktop\í´ë¡œë“œì½”ë“œ\integrated_management_system\src\features\keyword_analysis\ui.py", line 23, in <module>
    from src.toolbox.validators import parse_keywords, filter_unique_keywords_with_skipped
ModuleNotFoundError: No module named 'src.toolbox.validators'

2025-08-20 16:39:26 - desktop.app - ERROR - ì• í”Œë¦¬ì¼€ì´ì…˜ ì‹¤í–‰ ì‹¤íŒ¨: No module named 'src.toolbox.validators'
2025-08-20 16:39:26 - main - ERROR - ì• í”Œë¦¬ì¼€ì´ì…˜ ì‹œì‘ ì‹¤íŒ¨: No module named 'src.toolbox.validators'
2025-08-20 16:39:31 - features.keyword_analysis - ERROR - í‚¤ì›Œë“œ ë¶„ì„ ê¸°ëŠ¥ ë“±ë¡ ì‹¤íŒ¨: No module named 'src.toolbox.validators'
2025-08-20 16:39:31 - main - ERROR - ê¸°ëŠ¥ ëª¨ë“ˆ ë¡œë“œ ì‹¤íŒ¨: No module named 'src.toolbox.validators'
2025-08-20 16:39:31 - main - ERROR - ìƒì„¸ ì˜¤ë¥˜: Traceback (most recent call last):
  File "c:\Users\wogud\OneDrive\Desktop\í´ë¡œë“œì½”ë“œ\integrated_management_system\main.py", line 24, in load_features
    register_keyword_analysis(app)
    ~~~~~~~~~~~~~~~~~~~~~~~~~^^^^^
  File "c:\Users\wogud\OneDrive\Desktop\í´ë¡œë“œì½”ë“œ\integrated_management_system\src\features\keyword_analysis\__init__.py", line 16, in register
    from .ui import KeywordAnalysisWidget
  File "c:\Users\wogud\OneDrive\Desktop\í´ë¡œë“œì½”ë“œ\integrated_management_system\src\features\keyword_analysis\ui.py", line 23, in <module>
    from src.toolbox.validators import parse_keywords, filter_unique_keywords_with_skipped
ModuleNotFoundError: No module named 'src.toolbox.validators'

2025-08-20 16:39:31 - desktop.app - ERROR - ì• í”Œë¦¬ì¼€ì´ì…˜ ì‹¤í–‰ ì‹¤íŒ¨: No module named 'src.toolbox.validators'
2025-08-20 16:39:31 - main - ERROR - ì• í”Œë¦¬ì¼€ì´ì…˜ ì‹œì‘ ì‹¤íŒ¨: No module named 'src.toolbox.validators'
2025-08-20 16:40:13 - main - ERROR - ê¸°ëŠ¥ ëª¨ë“ˆ ë¡œë“œ ì‹¤íŒ¨: cannot import name 'rank_tracking_excel_exporter' from 'src.features.rank_tracking.adapters' (C:\Users\wogud\OneDrive\Desktop\í´ë¡œë“œì½”ë“œ\integrated_management_system\src\features\rank_tracking\adapters.py)
2025-08-20 16:40:13 - main - ERROR - ìƒì„¸ ì˜¤ë¥˜: Traceback (most recent call last):
  File "C:\Users\wogud\OneDrive\Desktop\í´ë¡œë“œì½”ë“œ\integrated_management_system\main.py", line 29, in load_features
    from src.features.rank_tracking import register as register_rank_tracking
  File "C:\Users\wogud\OneDrive\Desktop\í´ë¡œë“œì½”ë“œ\integrated_management_system\src\features\rank_tracking\__init__.py", line 9, in <module>
    from .ui import RankTrackingWidget
  File "C:\Users\wogud\OneDrive\Desktop\í´ë¡œë“œì½”ë“œ\integrated_management_system\src\features\rank_tracking\ui.py", line 24, in <module>
    from .project_list_widget import ProjectListWidget
  File "C:\Users\wogud\OneDrive\Desktop\í´ë¡œë“œì½”ë“œ\integrated_management_system\src\features\rank_tracking\project_list_widget.py", line 21, in <module>
    from .adapters import rank_tracking_excel_exporter
ImportError: cannot import name 'rank_tracking_excel_exporter' from 'src.features.rank_tracking.adapters' (C:\Users\wogud\OneDrive\Desktop\í´ë¡œë“œì½”ë“œ\integrated_management_system\src\features\rank_tracking\adapters.py)

2025-08-20 16:40:13 - desktop.app - ERROR - ì• í”Œë¦¬ì¼€ì´ì…˜ ì‹¤í–‰ ì‹¤íŒ¨: cannot import name 'rank_tracking_excel_exporter' from 'src.features.rank_tracking.adapters' (C:\Users\wogud\OneDrive\Desktop\í´ë¡œë“œì½”ë“œ\integrated_management_system\src\features\rank_tracking\adapters.py)
2025-08-20 16:40:13 - main - ERROR - ì• í”Œë¦¬ì¼€ì´ì…˜ ì‹œì‘ ì‹¤íŒ¨: cannot import name 'rank_tracking_excel_exporter' from 'src.features.rank_tracking.adapters' (C:\Users\wogud\OneDrive\Desktop\í´ë¡œë“œì½”ë“œ\integrated_management_system\src\features\rank_tracking\adapters.py)
2025-08-20 16:41:14 - main - ERROR - ê¸°ëŠ¥ ëª¨ë“ˆ ë¡œë“œ ì‹¤íŒ¨: No module named 'src.toolbox.validators'
2025-08-20 16:41:14 - main - ERROR - ìƒì„¸ ì˜¤ë¥˜: Traceback (most recent call last):
  File "C:\Users\wogud\OneDrive\Desktop\í´ë¡œë“œì½”ë“œ\integrated_management_system\main.py", line 36, in load_features
    register_naver_cafe(app)
    ~~~~~~~~~~~~~~~~~~~^^^^^
  File "C:\Users\wogud\OneDrive\Desktop\í´ë¡œë“œì½”ë“œ\integrated_management_system\src\features\naver_cafe\__init__.py", line 13, in register
    from .ui import NaverCafeWidget
  File "C:\Users\wogud\OneDrive\Desktop\í´ë¡œë“œì½”ë“œ\integrated_management_system\src\features\naver_cafe\ui.py", line 11, in <module>
    from .control_widget import NaverCafeControlWidget
  File "C:\Users\wogud\OneDrive\Desktop\í´ë¡œë“œì½”ë“œ\integrated_management_system\src\features\naver_cafe\control_widget.py", line 19, in <module>
    from .worker import NaverCafeUnifiedWorker
  File "C:\Users\wogud\OneDrive\Desktop\í´ë¡œë“œì½”ë“œ\integrated_management_system\src\features\naver_cafe\worker.py", line 16, in <module>
    from .service import NaverCafeExtractionService
  File "C:\Users\wogud\OneDrive\Desktop\í´ë¡œë“œì½”ë“œ\integrated_management_system\src\features\naver_cafe\service.py", line 20, in <module>
    from src.toolbox.validators import validate_url
ModuleNotFoundError: No module named 'src.toolbox.validators'

2025-08-20 16:41:14 - desktop.app - ERROR - ì• í”Œë¦¬ì¼€ì´ì…˜ ì‹¤í–‰ ì‹¤íŒ¨: No module named 'src.toolbox.validators'
2025-08-20 16:41:14 - main - ERROR - ì• í”Œë¦¬ì¼€ì´ì…˜ ì‹œì‘ ì‹¤íŒ¨: No module named 'src.toolbox.validators'
2025-08-20 17:40:23 - main - ERROR - ê¸°ëŠ¥ ëª¨ë“ˆ ë¡œë“œ ì‹¤íŒ¨: No module named 'src.features.rank_tracking.ui'
2025-08-20 17:40:23 - main - ERROR - ìƒì„¸ ì˜¤ë¥˜: Traceback (most recent call last):
  File "c:\Users\wogud\OneDrive\Desktop\í´ë¡œë“œì½”ë“œ\integrated_management_system\main.py", line 29, in load_features
    from src.features.rank_tracking import register as register_rank_tracking
  File "c:\Users\wogud\OneDrive\Desktop\í´ë¡œë“œì½”ë“œ\integrated_management_system\src\features\rank_tracking\__init__.py", line 9, in <module>
    from .ui import RankTrackingWidget
ModuleNotFoundError: No module named 'src.features.rank_tracking.ui'

2025-08-20 17:40:23 - desktop.app - ERROR - ì• í”Œë¦¬ì¼€ì´ì…˜ ì‹¤í–‰ ì‹¤íŒ¨: No module named 'src.features.rank_tracking.ui'
2025-08-20 17:40:23 - main - ERROR - ì• í”Œë¦¬ì¼€ì´ì…˜ ì‹œì‘ ì‹¤íŒ¨: No module named 'src.features.rank_tracking.ui'
2025-08-20 17:46:16 - vendors.naver.shopping - ERROR - í‚¤ì›Œë“œ 'ê°•ì•„ì§€ë‹­ê°€ìŠ´ì‚´' API í˜¸ì¶œ 3ë²ˆ ì‹œë„ ëª¨ë‘ ì‹¤íŒ¨: NaverBaseClient._make_request() got multiple values for argument 'params'
2025-08-20 17:46:16 - vendors.naver.shopping - ERROR - í‚¤ì›Œë“œ 'ê°•ì•„ì§€ë‹­ê°€ìŠ´ì‚´' ìƒí’ˆ ìˆœìœ„ ê²€ìƒ‰ ì‹¤íŒ¨: NaverBaseClient._make_request() got multiple values for argument 'params'
2025-08-20 17:46:16 - features.rank_tracking.adapters - ERROR - ìˆœìœ„ í™•ì¸ ì‹¤íŒ¨: ê°•ì•„ì§€ë‹­ê°€ìŠ´ì‚´ -> 11391631135: NaverBaseClient._make_request() got multiple values for argument 'params'
2025-08-20 17:46:23 - vendors.naver.shopping - ERROR - í‚¤ì›Œë“œ 'ê°•ì•„ì§€í„°í‚¤ì¸„' API í˜¸ì¶œ 3ë²ˆ ì‹œë„ ëª¨ë‘ ì‹¤íŒ¨: NaverBaseClient._make_request() got multiple values for argument 'params'
2025-08-20 17:46:23 - vendors.naver.shopping - ERROR - í‚¤ì›Œë“œ 'ê°•ì•„ì§€í„°í‚¤ì¸„' ìƒí’ˆ ìˆœìœ„ ê²€ìƒ‰ ì‹¤íŒ¨: NaverBaseClient._make_request() got multiple values for argument 'params'
2025-08-20 17:46:23 - features.rank_tracking.adapters - ERROR - ìˆœìœ„ í™•ì¸ ì‹¤íŒ¨: ê°•ì•„ì§€í„°í‚¤ì¸„ -> 11649017893: NaverBaseClient._make_request() got multiple values for argument 'params'
2025-08-20 17:46:23 - vendors.naver.shopping - ERROR - í‚¤ì›Œë“œ 'ê°•ì•„ì§€ì¹ ë©´ì¡°ê°„ì‹' API í˜¸ì¶œ 3ë²ˆ ì‹œë„ ëª¨ë‘ ì‹¤íŒ¨: NaverBaseClient._make_request() got multiple values for argument 'params'
2025-08-20 17:46:23 - vendors.naver.shopping - ERROR - í‚¤ì›Œë“œ 'ê°•ì•„ì§€ì¹ ë©´ì¡°ê°„ì‹' ìƒí’ˆ ìˆœìœ„ ê²€ìƒ‰ ì‹¤íŒ¨: NaverBaseClient._make_request() got multiple values for argument 'params'
2025-08-20 17:46:23 - features.rank_tracking.adapters - ERROR - ìˆœìœ„ í™•ì¸ ì‹¤íŒ¨: ê°•ì•„ì§€ì¹ ë©´ì¡°ê°„ì‹ -> 11649017893: NaverBaseClient._make_request() got multiple values for argument 'params'
2025-08-20 17:46:24 - vendors.naver.shopping - ERROR - í‚¤ì›Œë“œ 'ê°•ì•„ì§€ê»Œ' API í˜¸ì¶œ 3ë²ˆ ì‹œë„ ëª¨ë‘ ì‹¤íŒ¨: NaverBaseClient._make_request() got multiple values for argument 'params'
2025-08-20 17:46:24 - vendors.naver.shopping - ERROR - í‚¤ì›Œë“œ 'ê°•ì•„ì§€ê»Œ' ìƒí’ˆ ìˆœìœ„ ê²€ìƒ‰ ì‹¤íŒ¨: NaverBaseClient._make_request() got multiple values for argument 'params'
2025-08-20 17:46:24 - features.rank_tracking.adapters - ERROR - ìˆœìœ„ í™•ì¸ ì‹¤íŒ¨: ê°•ì•„ì§€ê»Œ -> 11649017893: NaverBaseClient._make_request() got multiple values for argument 'params'
2025-08-20 17:46:27 - vendors.naver.shopping - ERROR - í‚¤ì›Œë“œ 'ê°œê»Œ' API í˜¸ì¶œ 3ë²ˆ ì‹œë„ ëª¨ë‘ ì‹¤íŒ¨: NaverBaseClient._make_request() got multiple values for argument 'params'
2025-08-20 17:46:27 - vendors.naver.shopping - ERROR - í‚¤ì›Œë“œ 'ê°œê»Œ' ìƒí’ˆ ìˆœìœ„ ê²€ìƒ‰ ì‹¤íŒ¨: NaverBaseClient._make_request() got multiple values for argument 'params'
2025-08-20 17:46:27 - features.rank_tracking.adapters - ERROR - ìˆœìœ„ í™•ì¸ ì‹¤íŒ¨: ê°œê»Œ -> 11649017893: NaverBaseClient._make_request() got multiple values for argument 'params'
2025-08-20 17:46:27 - vendors.naver.shopping - ERROR - í‚¤ì›Œë“œ 'ëŒ€í˜•ê²¬ê°œê»Œ' API í˜¸ì¶œ 3ë²ˆ ì‹œë„ ëª¨ë‘ ì‹¤íŒ¨: NaverBaseClient._make_request() got multiple values for argument 'params'
2025-08-20 17:46:27 - vendors.naver.shopping - ERROR - í‚¤ì›Œë“œ 'ëŒ€í˜•ê²¬ê°œê»Œ' ìƒí’ˆ ìˆœìœ„ ê²€ìƒ‰ ì‹¤íŒ¨: NaverBaseClient._make_request() got multiple values for argument 'params'
2025-08-20 17:46:27 - features.rank_tracking.adapters - ERROR - ìˆœìœ„ í™•ì¸ ì‹¤íŒ¨: ëŒ€í˜•ê²¬ê°œê»Œ -> 11649017893: NaverBaseClient._make_request() got multiple values for argument 'params'
2025-08-20 17:46:27 - vendors.naver.shopping - ERROR - í‚¤ì›Œë“œ 'ëŒ€í˜•ê²¬ê»Œ' API í˜¸ì¶œ 3ë²ˆ ì‹œë„ ëª¨ë‘ ì‹¤íŒ¨: NaverBaseClient._make_request() got multiple values for argument 'params'
2025-08-20 17:46:27 - vendors.naver.shopping - ERROR - í‚¤ì›Œë“œ 'ëŒ€í˜•ê²¬ê»Œ' ìƒí’ˆ ìˆœìœ„ ê²€ìƒ‰ ì‹¤íŒ¨: NaverBaseClient._make_request() got multiple values for argument 'params'
2025-08-20 17:46:27 - features.rank_tracking.adapters - ERROR - ìˆœìœ„ í™•ì¸ ì‹¤íŒ¨: ëŒ€í˜•ê²¬ê»Œ -> 11649017893: NaverBaseClient._make_request() got multiple values for argument 'params'
2025-08-20 17:46:31 - vendors.naver.shopping - ERROR - í‚¤ì›Œë“œ 'ì—”ì ¤ë§' API í˜¸ì¶œ 3ë²ˆ ì‹œë„ ëª¨ë‘ ì‹¤íŒ¨: NaverBaseClient._make_request() got multiple values for argument 'params'
2025-08-20 17:46:31 - vendors.naver.shopping - ERROR - í‚¤ì›Œë“œ 'ì—”ì ¤ë§' ìƒí’ˆ ìˆœìœ„ ê²€ìƒ‰ ì‹¤íŒ¨: NaverBaseClient._make_request() got multiple values for argument 'params'
2025-08-20 17:46:31 - features.rank_tracking.adapters - ERROR - ìˆœìœ„ í™•ì¸ ì‹¤íŒ¨: ì—”ì ¤ë§ -> 11649017893: NaverBaseClient._make_request() got multiple values for argument 'params'
2025-08-20 17:46:31 - vendors.naver.shopping - ERROR - í‚¤ì›Œë“œ 'í„°í‚¤ì¸„' API í˜¸ì¶œ 3ë²ˆ ì‹œë„ ëª¨ë‘ ì‹¤íŒ¨: NaverBaseClient._make_request() got multiple values for argument 'params'
2025-08-20 17:46:31 - vendors.naver.shopping - ERROR - í‚¤ì›Œë“œ 'í„°í‚¤ì¸„' ìƒí’ˆ ìˆœìœ„ ê²€ìƒ‰ ì‹¤íŒ¨: NaverBaseClient._make_request() got multiple values for argument 'params'
2025-08-20 17:46:31 - features.rank_tracking.adapters - ERROR - ìˆœìœ„ í™•ì¸ ì‹¤íŒ¨: í„°í‚¤ì¸„ -> 11649017893: NaverBaseClient._make_request() got multiple values for argument 'params'
2025-08-20 17:46:31 - vendors.naver.shopping - ERROR - í‚¤ì›Œë“œ 'í„°í‚¤ì¸„ë§' API í˜¸ì¶œ 3ë²ˆ ì‹œë„ ëª¨ë‘ ì‹¤íŒ¨: NaverBaseClient._make_request() got multiple values for argument 'params'
2025-08-20 17:46:31 - vendors.naver.shopping - ERROR - í‚¤ì›Œë“œ 'í„°í‚¤ì¸„ë§' ìƒí’ˆ ìˆœìœ„ ê²€ìƒ‰ ì‹¤íŒ¨: NaverBaseClient._make_request() got multiple values for argument 'params'
2025-08-20 17:46:31 - features.rank_tracking.adapters - ERROR - ìˆœìœ„ í™•ì¸ ì‹¤íŒ¨: í„°í‚¤ì¸„ë§ -> 11649017893: NaverBaseClient._make_request() got multiple values for argument 'params'
2025-08-20 20:16:03 - features.keyword_analysis.ui - ERROR - ì„œë¹„ìŠ¤ ì‹œê·¸ë„ ì—°ê²° ì‹¤íŒ¨: 'KeywordAnalysisService' object has no attribute 'keyword_processed'
2025-08-20 20:20:45 - features.keyword_analysis.ui - ERROR - ì„œë¹„ìŠ¤ ì‹œê·¸ë„ ì—°ê²° ì‹¤íŒ¨: 'KeywordAnalysisService' object has no attribute 'keyword_processed'
2025-08-20 20:30:26 - features.keyword_analysis - ERROR - í‚¤ì›Œë“œ ë¶„ì„ ê¸°ëŠ¥ ë“±ë¡ ì‹¤íŒ¨: unexpected character after line continuation character (ui.py, line 619)
2025-08-20 20:30:26 - main - ERROR - ê¸°ëŠ¥ ëª¨ë“ˆ ë¡œë“œ ì‹¤íŒ¨: unexpected character after line continuation character (ui.py, line 619)
2025-08-20 20:30:26 - main - ERROR - ìƒì„¸ ì˜¤ë¥˜: Traceback (most recent call last):
  File "c:\Users\wogud\OneDrive\Desktop\í´ë¡œë“œì½”ë“œ\integrated_management_system\main.py", line 24, in load_features
    register_keyword_analysis(app)
    ~~~~~~~~~~~~~~~~~~~~~~~~~^^^^^
  File "c:\Users\wogud\OneDrive\Desktop\í´ë¡œë“œì½”ë“œ\integrated_management_system\src\features\keyword_analysis\__init__.py", line 16, in register
    from .ui import KeywordAnalysisWidget
  File "c:\Users\wogud\OneDrive\Desktop\í´ë¡œë“œì½”ë“œ\integrated_management_system\src\features\keyword_analysis\ui.py", line 619
    self.add_log(f"ğŸ” í‚¤ì›Œë“œ ê²€ìƒ‰ ì‹œì‘: {len(unique_keywords)}ê°œ", "info")\n    \n    def _analyze_keywords_task(self, keywords, progress_callback=None, cancel_event=None):\n        \"\"\"\n        ì›Œì»¤ì—ì„œ ì‹¤í–‰ë  ì‹¤ì œ ì‘ì—… í•¨ìˆ˜.\n        - service.analyze_single_keyword() ë°˜ë³µ í˜¸ì¶œ\n        - progress_callbackìœ¼ë¡œ ì§„í–‰ë¥  ì•Œë¦¼\n        - ë§ˆì§€ë§‰ì— AnalysisResult ë°˜í™˜\n        \"\"\"\n        from datetime import datetime\n        start_time = datetime.now()\n        results = []\n        total = len(keywords)\n\n        for idx, kw in enumerate(keywords, start=1):\n            # í˜‘ì¡°ì  ì·¨ì†Œ\n            if cancel_event is not None and getattr(cancel_event, \"is_set\", lambda: False)():\n                break\n            try:\n                data = self.service.analyze_single_keyword(kw)\n            except Exception:\n                data = KeywordData(keyword=kw)\n\n            results.append(data)\n\n            # ì§„í–‰ë¥  ì—…ë°ì´
                                                                  ^
SyntaxError: unexpected character after line continuation character

2025-08-20 20:30:26 - desktop.app - ERROR - ì• í”Œë¦¬ì¼€ì´ì…˜ ì‹¤í–‰ ì‹¤íŒ¨: unexpected character after line continuation character (ui.py, line 619)
2025-08-20 20:30:26 - main - ERROR - ì• í”Œë¦¬ì¼€ì´ì…˜ ì‹œì‘ ì‹¤íŒ¨: unexpected character after line continuation character (ui.py, line 619)
2025-08-20 20:30:30 - features.keyword_analysis - ERROR - í‚¤ì›Œë“œ ë¶„ì„ ê¸°ëŠ¥ ë“±ë¡ ì‹¤íŒ¨: unexpected character after line continuation character (ui.py, line 619)
2025-08-20 20:30:30 - main - ERROR - ê¸°ëŠ¥ ëª¨ë“ˆ ë¡œë“œ ì‹¤íŒ¨: unexpected character after line continuation character (ui.py, line 619)
2025-08-20 20:30:30 - main - ERROR - ìƒì„¸ ì˜¤ë¥˜: Traceback (most recent call last):
  File "c:\Users\wogud\OneDrive\Desktop\í´ë¡œë“œì½”ë“œ\integrated_management_system\main.py", line 24, in load_features
    register_keyword_analysis(app)
    ~~~~~~~~~~~~~~~~~~~~~~~~~^^^^^
  File "c:\Users\wogud\OneDrive\Desktop\í´ë¡œë“œì½”ë“œ\integrated_management_system\src\features\keyword_analysis\__init__.py", line 16, in register
    from .ui import KeywordAnalysisWidget
  File "c:\Users\wogud\OneDrive\Desktop\í´ë¡œë“œì½”ë“œ\integrated_management_system\src\features\keyword_analysis\ui.py", line 619
    self.add_log(f"ğŸ” í‚¤ì›Œë“œ ê²€ìƒ‰ ì‹œì‘: {len(unique_keywords)}ê°œ", "info")\n    \n    def _analyze_keywords_task(self, keywords, progress_callback=None, cancel_event=None):\n        \"\"\"\n        ì›Œì»¤ì—ì„œ ì‹¤í–‰ë  ì‹¤ì œ ì‘ì—… í•¨ìˆ˜.\n        - service.analyze_single_keyword() ë°˜ë³µ í˜¸ì¶œ\n        - progress_callbackìœ¼ë¡œ ì§„í–‰ë¥  ì•Œë¦¼\n        - ë§ˆì§€ë§‰ì— AnalysisResult ë°˜í™˜\n        \"\"\"\n        from datetime import datetime\n        start_time = datetime.now()\n        results = []\n        total = len(keywords)\n\n        for idx, kw in enumerate(keywords, start=1):\n            # í˜‘ì¡°ì  ì·¨ì†Œ\n            if cancel_event is not None and getattr(cancel_event, \"is_set\", lambda: False)():\n                break\n            try:\n                data = self.service.analyze_single_keyword(kw)\n            except Exception:\n                data = KeywordData(keyword=kw)\n\n            results.append(data)\n\n            # ì§„í–‰ë¥  ì—…ë°ì´
                                                                  ^
SyntaxError: unexpected character after line continuation character

2025-08-20 20:30:30 - desktop.app - ERROR - ì• í”Œë¦¬ì¼€ì´ì…˜ ì‹¤í–‰ ì‹¤íŒ¨: unexpected character after line continuation character (ui.py, line 619)
2025-08-20 20:30:30 - main - ERROR - ì• í”Œë¦¬ì¼€ì´ì…˜ ì‹œì‘ ì‹¤íŒ¨: unexpected character after line continuation character (ui.py, line 619)
2025-08-20 20:30:32 - features.keyword_analysis - ERROR - í‚¤ì›Œë“œ ë¶„ì„ ê¸°ëŠ¥ ë“±ë¡ ì‹¤íŒ¨: unexpected character after line continuation character (ui.py, line 619)
2025-08-20 20:30:32 - main - ERROR - ê¸°ëŠ¥ ëª¨ë“ˆ ë¡œë“œ ì‹¤íŒ¨: unexpected character after line continuation character (ui.py, line 619)
2025-08-20 20:30:32 - main - ERROR - ìƒì„¸ ì˜¤ë¥˜: Traceback (most recent call last):
  File "c:\Users\wogud\OneDrive\Desktop\í´ë¡œë“œì½”ë“œ\integrated_management_system\main.py", line 24, in load_features
    register_keyword_analysis(app)
    ~~~~~~~~~~~~~~~~~~~~~~~~~^^^^^
  File "c:\Users\wogud\OneDrive\Desktop\í´ë¡œë“œì½”ë“œ\integrated_management_system\src\features\keyword_analysis\__init__.py", line 16, in register
    from .ui import KeywordAnalysisWidget
  File "c:\Users\wogud\OneDrive\Desktop\í´ë¡œë“œì½”ë“œ\integrated_management_system\src\features\keyword_analysis\ui.py", line 619
    self.add_log(f"ğŸ” í‚¤ì›Œë“œ ê²€ìƒ‰ ì‹œì‘: {len(unique_keywords)}ê°œ", "info")\n    \n    def _analyze_keywords_task(self, keywords, progress_callback=None, cancel_event=None):\n        \"\"\"\n        ì›Œì»¤ì—ì„œ ì‹¤í–‰ë  ì‹¤ì œ ì‘ì—… í•¨ìˆ˜.\n        - service.analyze_single_keyword() ë°˜ë³µ í˜¸ì¶œ\n        - progress_callbackìœ¼ë¡œ ì§„í–‰ë¥  ì•Œë¦¼\n        - ë§ˆì§€ë§‰ì— AnalysisResult ë°˜í™˜\n        \"\"\"\n        from datetime import datetime\n        start_time = datetime.now()\n        results = []\n        total = len(keywords)\n\n        for idx, kw in enumerate(keywords, start=1):\n            # í˜‘ì¡°ì  ì·¨ì†Œ\n            if cancel_event is not None and getattr(cancel_event, \"is_set\", lambda: False)():\n                break\n            try:\n                data = self.service.analyze_single_keyword(kw)\n            except Exception:\n                data = KeywordData(keyword=kw)\n\n            results.append(data)\n\n            # ì§„í–‰ë¥  ì—…ë°ì´
                                                                  ^
SyntaxError: unexpected character after line continuation character

2025-08-20 20:30:32 - desktop.app - ERROR - ì• í”Œë¦¬ì¼€ì´ì…˜ ì‹¤í–‰ ì‹¤íŒ¨: unexpected character after line continuation character (ui.py, line 619)
2025-08-20 20:30:32 - main - ERROR - ì• í”Œë¦¬ì¼€ì´ì…˜ ì‹œì‘ ì‹¤íŒ¨: unexpected character after line continuation character (ui.py, line 619)
2025-08-20 20:30:45 - features.keyword_analysis - ERROR - í‚¤ì›Œë“œ ë¶„ì„ ê¸°ëŠ¥ ë“±ë¡ ì‹¤íŒ¨: unexpected character after line continuation character (ui.py, line 619)
2025-08-20 20:30:45 - main - ERROR - ê¸°ëŠ¥ ëª¨ë“ˆ ë¡œë“œ ì‹¤íŒ¨: unexpected character after line continuation character (ui.py, line 619)
2025-08-20 20:30:45 - main - ERROR - ìƒì„¸ ì˜¤ë¥˜: Traceback (most recent call last):
  File "C:\Users\wogud\OneDrive\Desktop\í´ë¡œë“œì½”ë“œ\integrated_management_system\main.py", line 24, in load_features
    register_keyword_analysis(app)
    ~~~~~~~~~~~~~~~~~~~~~~~~~^^^^^
  File "C:\Users\wogud\OneDrive\Desktop\í´ë¡œë“œì½”ë“œ\integrated_management_system\src\features\keyword_analysis\__init__.py", line 16, in register
    from .ui import KeywordAnalysisWidget
  File "C:\Users\wogud\OneDrive\Desktop\í´ë¡œë“œì½”ë“œ\integrated_management_system\src\features\keyword_analysis\ui.py", line 619
    self.add_log(f"ğŸ” í‚¤ì›Œë“œ ê²€ìƒ‰ ì‹œì‘: {len(unique_keywords)}ê°œ", "info")\n    \n    def _analyze_keywords_task(self, keywords, progress_callback=None, cancel_event=None):\n        \"\"\"\n        ì›Œì»¤ì—ì„œ ì‹¤í–‰ë  ì‹¤ì œ ì‘ì—… í•¨ìˆ˜.\n        - service.analyze_single_keyword() ë°˜ë³µ í˜¸ì¶œ\n        - progress_callbackìœ¼ë¡œ ì§„í–‰ë¥  ì•Œë¦¼\n        - ë§ˆì§€ë§‰ì— AnalysisResult ë°˜í™˜\n        \"\"\"\n        from datetime import datetime\n        start_time = datetime.now()\n        results = []\n        total = len(keywords)\n\n        for idx, kw in enumerate(keywords, start=1):\n            # í˜‘ì¡°ì  ì·¨ì†Œ\n            if cancel_event is not None and getattr(cancel_event, \"is_set\", lambda: False)():\n                break\n            try:\n                data = self.service.analyze_single_keyword(kw)\n            except Exception:\n                data = KeywordData(keyword=kw)\n\n            results.append(data)\n\n            # ì§„í–‰ë¥  ì—…ë°ì´
                                                                  ^
SyntaxError: unexpected character after line continuation character

2025-08-20 20:30:45 - desktop.app - ERROR - ì• í”Œë¦¬ì¼€ì´ì…˜ ì‹¤í–‰ ì‹¤íŒ¨: unexpected character after line continuation character (ui.py, line 619)
2025-08-20 20:30:45 - main - ERROR - ì• í”Œë¦¬ì¼€ì´ì…˜ ì‹œì‘ ì‹¤íŒ¨: unexpected character after line continuation character (ui.py, line 619)
2025-08-20 20:36:25 - features.keyword_analysis - ERROR - í‚¤ì›Œë“œ ë¶„ì„ ê¸°ëŠ¥ ë“±ë¡ ì‹¤íŒ¨: unexpected character after line continuation character (ui.py, line 25)
2025-08-20 20:36:25 - main - ERROR - ê¸°ëŠ¥ ëª¨ë“ˆ ë¡œë“œ ì‹¤íŒ¨: unexpected character after line continuation character (ui.py, line 25)
2025-08-20 20:36:25 - main - ERROR - ìƒì„¸ ì˜¤ë¥˜: Traceback (most recent call last):
  File "c:\Users\wogud\OneDrive\Desktop\í´ë¡œë“œì½”ë“œ\integrated_management_system\main.py", line 24, in load_features
    register_keyword_analysis(app)
    ~~~~~~~~~~~~~~~~~~~~~~~~~^^^^^
  File "c:\Users\wogud\OneDrive\Desktop\í´ë¡œë“œì½”ë“œ\integrated_management_system\src\features\keyword_analysis\__init__.py", line 16, in register
    from .ui import KeywordAnalysisWidget
  File "c:\Users\wogud\OneDrive\Desktop\í´ë¡œë“œì½”ë“œ\integrated_management_system\src\features\keyword_analysis\ui.py", line 25
    from src.toolbox import formatters\nfrom src.toolbox.progress import calc_percentage
                                       ^
SyntaxError: unexpected character after line continuation character

2025-08-20 20:36:25 - desktop.app - ERROR - ì• í”Œë¦¬ì¼€ì´ì…˜ ì‹¤í–‰ ì‹¤íŒ¨: unexpected character after line continuation character (ui.py, line 25)
2025-08-20 20:36:25 - main - ERROR - ì• í”Œë¦¬ì¼€ì´ì…˜ ì‹œì‘ ì‹¤íŒ¨: unexpected character after line continuation character (ui.py, line 25)
2025-08-20 20:36:27 - features.keyword_analysis - ERROR - í‚¤ì›Œë“œ ë¶„ì„ ê¸°ëŠ¥ ë“±ë¡ ì‹¤íŒ¨: unexpected character after line continuation character (ui.py, line 25)
2025-08-20 20:36:27 - main - ERROR - ê¸°ëŠ¥ ëª¨ë“ˆ ë¡œë“œ ì‹¤íŒ¨: unexpected character after line continuation character (ui.py, line 25)
2025-08-20 20:36:27 - main - ERROR - ìƒì„¸ ì˜¤ë¥˜: Traceback (most recent call last):
  File "c:\Users\wogud\OneDrive\Desktop\í´ë¡œë“œì½”ë“œ\integrated_management_system\main.py", line 24, in load_features
    register_keyword_analysis(app)
    ~~~~~~~~~~~~~~~~~~~~~~~~~^^^^^
  File "c:\Users\wogud\OneDrive\Desktop\í´ë¡œë“œì½”ë“œ\integrated_management_system\src\features\keyword_analysis\__init__.py", line 16, in register
    from .ui import KeywordAnalysisWidget
  File "c:\Users\wogud\OneDrive\Desktop\í´ë¡œë“œì½”ë“œ\integrated_management_system\src\features\keyword_analysis\ui.py", line 25
    from src.toolbox import formatters\nfrom src.toolbox.progress import calc_percentage
                                       ^
SyntaxError: unexpected character after line continuation character

2025-08-20 20:36:27 - desktop.app - ERROR - ì• í”Œë¦¬ì¼€ì´ì…˜ ì‹¤í–‰ ì‹¤íŒ¨: unexpected character after line continuation character (ui.py, line 25)
2025-08-20 20:36:27 - main - ERROR - ì• í”Œë¦¬ì¼€ì´ì…˜ ì‹œì‘ ì‹¤íŒ¨: unexpected character after line continuation character (ui.py, line 25)
2025-08-20 20:37:44 - features.keyword_analysis - ERROR - í‚¤ì›Œë“œ ë¶„ì„ ê¸°ëŠ¥ ë“±ë¡ ì‹¤íŒ¨: 'KeywordAnalysisWidget' object has no attribute 'check_api_status'
2025-08-20 20:37:44 - main - ERROR - ê¸°ëŠ¥ ëª¨ë“ˆ ë¡œë“œ ì‹¤íŒ¨: 'KeywordAnalysisWidget' object has no attribute 'check_api_status'
2025-08-20 20:37:44 - main - ERROR - ìƒì„¸ ì˜¤ë¥˜: Traceback (most recent call last):
  File "c:\Users\wogud\OneDrive\Desktop\í´ë¡œë“œì½”ë“œ\integrated_management_system\main.py", line 24, in load_features
    register_keyword_analysis(app)
    ~~~~~~~~~~~~~~~~~~~~~~~~~^^^^^
  File "c:\Users\wogud\OneDrive\Desktop\í´ë¡œë“œì½”ë“œ\integrated_management_system\src\features\keyword_analysis\__init__.py", line 19, in register
    widget = KeywordAnalysisWidget()
  File "c:\Users\wogud\OneDrive\Desktop\í´ë¡œë“œì½”ë“œ\integrated_management_system\src\features\keyword_analysis\ui.py", line 47, in __init__
    self.check_api_status()
    ^^^^^^^^^^^^^^^^^^^^^
AttributeError: 'KeywordAnalysisWidget' object has no attribute 'check_api_status'

2025-08-20 20:37:44 - desktop.app - ERROR - ì• í”Œë¦¬ì¼€ì´ì…˜ ì‹¤í–‰ ì‹¤íŒ¨: 'KeywordAnalysisWidget' object has no attribute 'check_api_status'
2025-08-20 20:37:44 - main - ERROR - ì• í”Œë¦¬ì¼€ì´ì…˜ ì‹œì‘ ì‹¤íŒ¨: 'KeywordAnalysisWidget' object has no attribute 'check_api_status'
2025-08-20 20:37:46 - features.keyword_analysis - ERROR - í‚¤ì›Œë“œ ë¶„ì„ ê¸°ëŠ¥ ë“±ë¡ ì‹¤íŒ¨: 'KeywordAnalysisWidget' object has no attribute 'check_api_status'
2025-08-20 20:37:46 - main - ERROR - ê¸°ëŠ¥ ëª¨ë“ˆ ë¡œë“œ ì‹¤íŒ¨: 'KeywordAnalysisWidget' object has no attribute 'check_api_status'
2025-08-20 20:37:46 - main - ERROR - ìƒì„¸ ì˜¤ë¥˜: Traceback (most recent call last):
  File "c:\Users\wogud\OneDrive\Desktop\í´ë¡œë“œì½”ë“œ\integrated_management_system\main.py", line 24, in load_features
    register_keyword_analysis(app)
    ~~~~~~~~~~~~~~~~~~~~~~~~~^^^^^
  File "c:\Users\wogud\OneDrive\Desktop\í´ë¡œë“œì½”ë“œ\integrated_management_system\src\features\keyword_analysis\__init__.py", line 19, in register
    widget = KeywordAnalysisWidget()
  File "c:\Users\wogud\OneDrive\Desktop\í´ë¡œë“œì½”ë“œ\integrated_management_system\src\features\keyword_analysis\ui.py", line 47, in __init__
    self.check_api_status()
    ^^^^^^^^^^^^^^^^^^^^^
AttributeError: 'KeywordAnalysisWidget' object has no attribute 'check_api_status'

2025-08-20 20:37:46 - desktop.app - ERROR - ì• í”Œë¦¬ì¼€ì´ì…˜ ì‹¤í–‰ ì‹¤íŒ¨: 'KeywordAnalysisWidget' object has no attribute 'check_api_status'
2025-08-20 20:37:46 - main - ERROR - ì• í”Œë¦¬ì¼€ì´ì…˜ ì‹œì‘ ì‹¤íŒ¨: 'KeywordAnalysisWidget' object has no attribute 'check_api_status'
2025-08-20 20:38:10 - features.keyword_analysis - ERROR - í‚¤ì›Œë“œ ë¶„ì„ ê¸°ëŠ¥ ë“±ë¡ ì‹¤íŒ¨: 'KeywordAnalysisWidget' object has no attribute 'check_api_status'
2025-08-20 20:38:10 - main - ERROR - ê¸°ëŠ¥ ëª¨ë“ˆ ë¡œë“œ ì‹¤íŒ¨: 'KeywordAnalysisWidget' object has no attribute 'check_api_status'
2025-08-20 20:38:10 - main - ERROR - ìƒì„¸ ì˜¤ë¥˜: Traceback (most recent call last):
  File "c:\Users\wogud\OneDrive\Desktop\í´ë¡œë“œì½”ë“œ\integrated_management_system\main.py", line 24, in load_features
    register_keyword_analysis(app)
    ~~~~~~~~~~~~~~~~~~~~~~~~~^^^^^
  File "c:\Users\wogud\OneDrive\Desktop\í´ë¡œë“œì½”ë“œ\integrated_management_system\src\features\keyword_analysis\__init__.py", line 19, in register
    widget = KeywordAnalysisWidget()
  File "c:\Users\wogud\OneDrive\Desktop\í´ë¡œë“œì½”ë“œ\integrated_management_system\src\features\keyword_analysis\ui.py", line 47, in __init__
    self.check_api_status()
    ^^^^^^^^^^^^^^^^^^^^^
AttributeError: 'KeywordAnalysisWidget' object has no attribute 'check_api_status'

2025-08-20 20:38:10 - desktop.app - ERROR - ì• í”Œë¦¬ì¼€ì´ì…˜ ì‹¤í–‰ ì‹¤íŒ¨: 'KeywordAnalysisWidget' object has no attribute 'check_api_status'
2025-08-20 20:38:10 - main - ERROR - ì• í”Œë¦¬ì¼€ì´ì…˜ ì‹œì‘ ì‹¤íŒ¨: 'KeywordAnalysisWidget' object has no attribute 'check_api_status'
2025-08-20 20:38:20 - features.keyword_analysis - ERROR - í‚¤ì›Œë“œ ë¶„ì„ ê¸°ëŠ¥ ë“±ë¡ ì‹¤íŒ¨: 'KeywordAnalysisWidget' object has no attribute 'check_api_status'
2025-08-20 20:38:20 - main - ERROR - ê¸°ëŠ¥ ëª¨ë“ˆ ë¡œë“œ ì‹¤íŒ¨: 'KeywordAnalysisWidget' object has no attribute 'check_api_status'
2025-08-20 20:38:20 - main - ERROR - ìƒì„¸ ì˜¤ë¥˜: Traceback (most recent call last):
  File "C:\Users\wogud\OneDrive\Desktop\í´ë¡œë“œì½”ë“œ\integrated_management_system\main.py", line 24, in load_features
    register_keyword_analysis(app)
    ~~~~~~~~~~~~~~~~~~~~~~~~~^^^^^
  File "C:\Users\wogud\OneDrive\Desktop\í´ë¡œë“œì½”ë“œ\integrated_management_system\src\features\keyword_analysis\__init__.py", line 19, in register
    widget = KeywordAnalysisWidget()
  File "C:\Users\wogud\OneDrive\Desktop\í´ë¡œë“œì½”ë“œ\integrated_management_system\src\features\keyword_analysis\ui.py", line 47, in __init__
    self.check_api_status()
    ^^^^^^^^^^^^^^^^^^^^^
AttributeError: 'KeywordAnalysisWidget' object has no attribute 'check_api_status'

2025-08-20 20:38:20 - desktop.app - ERROR - ì• í”Œë¦¬ì¼€ì´ì…˜ ì‹¤í–‰ ì‹¤íŒ¨: 'KeywordAnalysisWidget' object has no attribute 'check_api_status'
2025-08-20 20:38:20 - main - ERROR - ì• í”Œë¦¬ì¼€ì´ì…˜ ì‹œì‘ ì‹¤íŒ¨: 'KeywordAnalysisWidget' object has no attribute 'check_api_status'
2025-08-20 20:42:15 - features.keyword_analysis - ERROR - í‚¤ì›Œë“œ ë¶„ì„ ê¸°ëŠ¥ ë“±ë¡ ì‹¤íŒ¨: 'KeywordAnalysisWidget' object has no attribute 'check_api_status'
2025-08-20 20:42:15 - main - ERROR - ê¸°ëŠ¥ ëª¨ë“ˆ ë¡œë“œ ì‹¤íŒ¨: 'KeywordAnalysisWidget' object has no attribute 'check_api_status'
2025-08-20 20:42:15 - main - ERROR - ìƒì„¸ ì˜¤ë¥˜: Traceback (most recent call last):
  File "c:\Users\wogud\OneDrive\Desktop\í´ë¡œë“œì½”ë“œ\integrated_management_system\main.py", line 24, in load_features
    register_keyword_analysis(app)
    ~~~~~~~~~~~~~~~~~~~~~~~~~^^^^^
  File "c:\Users\wogud\OneDrive\Desktop\í´ë¡œë“œì½”ë“œ\integrated_management_system\src\features\keyword_analysis\__init__.py", line 19, in register
    widget = KeywordAnalysisWidget()
  File "c:\Users\wogud\OneDrive\Desktop\í´ë¡œë“œì½”ë“œ\integrated_management_system\src\features\keyword_analysis\ui.py", line 47, in __init__
    self.check_api_status()
    ^^^^^^^^^^^^^^^^^^^^^
AttributeError: 'KeywordAnalysisWidget' object has no attribute 'check_api_status'

2025-08-20 20:42:15 - desktop.app - ERROR - ì• í”Œë¦¬ì¼€ì´ì…˜ ì‹¤í–‰ ì‹¤íŒ¨: 'KeywordAnalysisWidget' object has no attribute 'check_api_status'
2025-08-20 20:42:15 - main - ERROR - ì• í”Œë¦¬ì¼€ì´ì…˜ ì‹œì‘ ì‹¤íŒ¨: 'KeywordAnalysisWidget' object has no attribute 'check_api_status'
2025-08-20 20:42:18 - features.keyword_analysis - ERROR - í‚¤ì›Œë“œ ë¶„ì„ ê¸°ëŠ¥ ë“±ë¡ ì‹¤íŒ¨: 'KeywordAnalysisWidget' object has no attribute 'check_api_status'
2025-08-20 20:42:18 - main - ERROR - ê¸°ëŠ¥ ëª¨ë“ˆ ë¡œë“œ ì‹¤íŒ¨: 'KeywordAnalysisWidget' object has no attribute 'check_api_status'
2025-08-20 20:42:18 - main - ERROR - ìƒì„¸ ì˜¤ë¥˜: Traceback (most recent call last):
  File "c:\Users\wogud\OneDrive\Desktop\í´ë¡œë“œì½”ë“œ\integrated_management_system\main.py", line 24, in load_features
    register_keyword_analysis(app)
    ~~~~~~~~~~~~~~~~~~~~~~~~~^^^^^
  File "c:\Users\wogud\OneDrive\Desktop\í´ë¡œë“œì½”ë“œ\integrated_management_system\src\features\keyword_analysis\__init__.py", line 19, in register
    widget = KeywordAnalysisWidget()
  File "c:\Users\wogud\OneDrive\Desktop\í´ë¡œë“œì½”ë“œ\integrated_management_system\src\features\keyword_analysis\ui.py", line 47, in __init__
    self.check_api_status()
    ^^^^^^^^^^^^^^^^^^^^^
AttributeError: 'KeywordAnalysisWidget' object has no attribute 'check_api_status'

2025-08-20 20:42:18 - desktop.app - ERROR - ì• í”Œë¦¬ì¼€ì´ì…˜ ì‹¤í–‰ ì‹¤íŒ¨: 'KeywordAnalysisWidget' object has no attribute 'check_api_status'
2025-08-20 20:42:18 - main - ERROR - ì• í”Œë¦¬ì¼€ì´ì…˜ ì‹œì‘ ì‹¤íŒ¨: 'KeywordAnalysisWidget' object has no attribute 'check_api_status'
2025-08-20 20:46:42 - features.keyword_analysis - ERROR - í‚¤ì›Œë“œ ë¶„ì„ ê¸°ëŠ¥ ë“±ë¡ ì‹¤íŒ¨: 'KeywordAnalysisWidget' object has no attribute 'check_api_status'
2025-08-20 20:46:42 - main - ERROR - ê¸°ëŠ¥ ëª¨ë“ˆ ë¡œë“œ ì‹¤íŒ¨: 'KeywordAnalysisWidget' object has no attribute 'check_api_status'
2025-08-20 20:46:42 - main - ERROR - ìƒì„¸ ì˜¤ë¥˜: Traceback (most recent call last):
  File "c:\Users\wogud\OneDrive\Desktop\í´ë¡œë“œì½”ë“œ\integrated_management_system\main.py", line 24, in load_features
    register_keyword_analysis(app)
    ~~~~~~~~~~~~~~~~~~~~~~~~~^^^^^
  File "c:\Users\wogud\OneDrive\Desktop\í´ë¡œë“œì½”ë“œ\integrated_management_system\src\features\keyword_analysis\__init__.py", line 19, in register
    widget = KeywordAnalysisWidget()
  File "c:\Users\wogud\OneDrive\Desktop\í´ë¡œë“œì½”ë“œ\integrated_management_system\src\features\keyword_analysis\ui.py", line 47, in __init__
    self.check_api_status()
    ^^^^^^^^^^^^^^^^^^^^^
AttributeError: 'KeywordAnalysisWidget' object has no attribute 'check_api_status'

2025-08-20 20:46:42 - desktop.app - ERROR - ì• í”Œë¦¬ì¼€ì´ì…˜ ì‹¤í–‰ ì‹¤íŒ¨: 'KeywordAnalysisWidget' object has no attribute 'check_api_status'
2025-08-20 20:46:42 - main - ERROR - ì• í”Œë¦¬ì¼€ì´ì…˜ ì‹œì‘ ì‹¤íŒ¨: 'KeywordAnalysisWidget' object has no attribute 'check_api_status'
2025-08-20 20:55:30 - features.keyword_analysis - ERROR - í‚¤ì›Œë“œ ë¶„ì„ ê¸°ëŠ¥ ë“±ë¡ ì‹¤íŒ¨: No module named 'src.features.keyword_analysis.ui'
2025-08-20 20:55:30 - main - ERROR - ê¸°ëŠ¥ ëª¨ë“ˆ ë¡œë“œ ì‹¤íŒ¨: No module named 'src.features.keyword_analysis.ui'
2025-08-20 20:55:30 - main - ERROR - ìƒì„¸ ì˜¤ë¥˜: Traceback (most recent call last):
  File "c:\Users\wogud\OneDrive\Desktop\í´ë¡œë“œì½”ë“œ\integrated_management_system\main.py", line 24, in load_features
    register_keyword_analysis(app)
    ~~~~~~~~~~~~~~~~~~~~~~~~~^^^^^
  File "c:\Users\wogud\OneDrive\Desktop\í´ë¡œë“œì½”ë“œ\integrated_management_system\src\features\keyword_analysis\__init__.py", line 16, in register
    from .ui import KeywordAnalysisWidget
ModuleNotFoundError: No module named 'src.features.keyword_analysis.ui'

2025-08-20 20:55:30 - desktop.app - ERROR - ì• í”Œë¦¬ì¼€ì´ì…˜ ì‹¤í–‰ ì‹¤íŒ¨: No module named 'src.features.keyword_analysis.ui'
2025-08-20 20:55:30 - main - ERROR - ì• í”Œë¦¬ì¼€ì´ì…˜ ì‹œì‘ ì‹¤íŒ¨: No module named 'src.features.keyword_analysis.ui'
2025-08-20 20:55:36 - features.keyword_analysis - ERROR - í‚¤ì›Œë“œ ë¶„ì„ ê¸°ëŠ¥ ë“±ë¡ ì‹¤íŒ¨: No module named 'src.features.keyword_analysis.ui'
2025-08-20 20:55:36 - main - ERROR - ê¸°ëŠ¥ ëª¨ë“ˆ ë¡œë“œ ì‹¤íŒ¨: No module named 'src.features.keyword_analysis.ui'
2025-08-20 20:55:36 - main - ERROR - ìƒì„¸ ì˜¤ë¥˜: Traceback (most recent call last):
  File "c:\Users\wogud\OneDrive\Desktop\í´ë¡œë“œì½”ë“œ\integrated_management_system\main.py", line 24, in load_features
    register_keyword_analysis(app)
    ~~~~~~~~~~~~~~~~~~~~~~~~~^^^^^
  File "c:\Users\wogud\OneDrive\Desktop\í´ë¡œë“œì½”ë“œ\integrated_management_system\src\features\keyword_analysis\__init__.py", line 16, in register
    from .ui import KeywordAnalysisWidget
ModuleNotFoundError: No module named 'src.features.keyword_analysis.ui'

2025-08-20 20:55:36 - desktop.app - ERROR - ì• í”Œë¦¬ì¼€ì´ì…˜ ì‹¤í–‰ ì‹¤íŒ¨: No module named 'src.features.keyword_analysis.ui'
2025-08-20 20:55:36 - main - ERROR - ì• í”Œë¦¬ì¼€ì´ì…˜ ì‹œì‘ ì‹¤íŒ¨: No module named 'src.features.keyword_analysis.ui'
2025-08-20 20:56:45 - root - ERROR - BackgroundWorker ì˜¤ë¥˜: Traceback (most recent call last):
  File "C:\Users\wogud\OneDrive\Desktop\í´ë¡œë“œì½”ë“œ\integrated_management_system\src\features\keyword_analysis\ui_main.py", line 268, in _analyze_keywords_task
    Q_ARG(object, data))
    ~~~~~^^^^^^^^^^^^^^
RuntimeError: qArgDataFromPyType: Unable to find a QMetaType for "object".

During handling of the above exception, another exception occurred:

Traceback (most recent call last):
  File "C:\Users\wogud\OneDrive\Desktop\í´ë¡œë“œì½”ë“œ\integrated_management_system\src\features\keyword_analysis\worker.py", line 101, in run
    result = self._function(*self._args, **self._kwargs)
  File "C:\Users\wogud\OneDrive\Desktop\í´ë¡œë“œì½”ë“œ\integrated_management_system\src\features\keyword_analysis\ui_main.py", line 272, in _analyze_keywords_task
    Q_ARG(object, data))
    ~~~~~^^^^^^^^^^^^^^
RuntimeError: qArgDataFromPyType: Unable to find a QMetaType for "object".

2025-08-20 21:13:08 - features.keyword_analysis - ERROR - í‚¤ì›Œë“œ ë¶„ì„ ê¸°ëŠ¥ ë“±ë¡ ì‹¤íŒ¨: No module named 'src.features.keyword_analysis.ui_main'
2025-08-20 21:13:08 - main - ERROR - ê¸°ëŠ¥ ëª¨ë“ˆ ë¡œë“œ ì‹¤íŒ¨: No module named 'src.features.keyword_analysis.ui_main'
2025-08-20 21:13:08 - main - ERROR - ìƒì„¸ ì˜¤ë¥˜: Traceback (most recent call last):
  File "c:\Users\wogud\OneDrive\Desktop\í´ë¡œë“œì½”ë“œ\integrated_management_system\main.py", line 24, in load_features
    register_keyword_analysis(app)
    ~~~~~~~~~~~~~~~~~~~~~~~~~^^^^^
  File "c:\Users\wogud\OneDrive\Desktop\í´ë¡œë“œì½”ë“œ\integrated_management_system\src\features\keyword_analysis\__init__.py", line 16, in register
    from .ui_main import KeywordAnalysisWidget
ModuleNotFoundError: No module named 'src.features.keyword_analysis.ui_main'

2025-08-20 21:13:08 - desktop.app - ERROR - ì• í”Œë¦¬ì¼€ì´ì…˜ ì‹¤í–‰ ì‹¤íŒ¨: No module named 'src.features.keyword_analysis.ui_main'
2025-08-20 21:13:08 - main - ERROR - ì• í”Œë¦¬ì¼€ì´ì…˜ ì‹œì‘ ì‹¤íŒ¨: No module named 'src.features.keyword_analysis.ui_main'
2025-08-20 21:13:10 - features.keyword_analysis - ERROR - í‚¤ì›Œë“œ ë¶„ì„ ê¸°ëŠ¥ ë“±ë¡ ì‹¤íŒ¨: No module named 'src.features.keyword_analysis.ui_main'
2025-08-20 21:13:10 - main - ERROR - ê¸°ëŠ¥ ëª¨ë“ˆ ë¡œë“œ ì‹¤íŒ¨: No module named 'src.features.keyword_analysis.ui_main'
2025-08-20 21:13:10 - main - ERROR - ìƒì„¸ ì˜¤ë¥˜: Traceback (most recent call last):
  File "c:\Users\wogud\OneDrive\Desktop\í´ë¡œë“œì½”ë“œ\integrated_management_system\main.py", line 24, in load_features
    register_keyword_analysis(app)
    ~~~~~~~~~~~~~~~~~~~~~~~~~^^^^^
  File "c:\Users\wogud\OneDrive\Desktop\í´ë¡œë“œì½”ë“œ\integrated_management_system\src\features\keyword_analysis\__init__.py", line 16, in register
    from .ui_main import KeywordAnalysisWidget
ModuleNotFoundError: No module named 'src.features.keyword_analysis.ui_main'

2025-08-20 21:13:10 - desktop.app - ERROR - ì• í”Œë¦¬ì¼€ì´ì…˜ ì‹¤í–‰ ì‹¤íŒ¨: No module named 'src.features.keyword_analysis.ui_main'
2025-08-20 21:13:10 - main - ERROR - ì• í”Œë¦¬ì¼€ì´ì…˜ ì‹œì‘ ì‹¤íŒ¨: No module named 'src.features.keyword_analysis.ui_main'
2025-08-20 21:18:07 - features.keyword_analysis - ERROR - í‚¤ì›Œë“œ ë¶„ì„ ê¸°ëŠ¥ ë“±ë¡ ì‹¤íŒ¨: type object 'ModernStyle' has no attribute 'TITLE'
2025-08-20 21:18:07 - main - ERROR - ê¸°ëŠ¥ ëª¨ë“ˆ ë¡œë“œ ì‹¤íŒ¨: type object 'ModernStyle' has no attribute 'TITLE'
2025-08-20 21:18:07 - main - ERROR - ìƒì„¸ ì˜¤ë¥˜: Traceback (most recent call last):
  File "c:\Users\wogud\OneDrive\Desktop\í´ë¡œë“œì½”ë“œ\integrated_management_system\main.py", line 24, in load_features
    register_keyword_analysis(app)
    ~~~~~~~~~~~~~~~~~~~~~~~~~^^^^^
  File "c:\Users\wogud\OneDrive\Desktop\í´ë¡œë“œì½”ë“œ\integrated_management_system\src\features\keyword_analysis\__init__.py", line 19, in register
    widget = KeywordAnalysisWidget()
  File "c:\Users\wogud\OneDrive\Desktop\í´ë¡œë“œì½”ë“œ\integrated_management_system\src\features\keyword_analysis\ui_main.py", line 39, in __init__
    self.setup_ui()
    ~~~~~~~~~~~~~^^
  File "c:\Users\wogud\OneDrive\Desktop\í´ë¡œë“œì½”ë“œ\integrated_management_system\src\features\keyword_analysis\ui_main.py", line 53, in setup_ui
    title_label.setStyleSheet(ModernStyle.TITLE)
                              ^^^^^^^^^^^^^^^^^
AttributeError: type object 'ModernStyle' has no attribute 'TITLE'

2025-08-20 21:18:07 - desktop.app - ERROR - ì• í”Œë¦¬ì¼€ì´ì…˜ ì‹¤í–‰ ì‹¤íŒ¨: type object 'ModernStyle' has no attribute 'TITLE'
2025-08-20 21:18:07 - main - ERROR - ì• í”Œë¦¬ì¼€ì´ì…˜ ì‹œì‘ ì‹¤íŒ¨: type object 'ModernStyle' has no attribute 'TITLE'
2025-08-20 21:28:23 - features.keyword_analysis - ERROR - í‚¤ì›Œë“œ ë¶„ì„ ê¸°ëŠ¥ ë“±ë¡ ì‹¤íŒ¨: name 'AnalysisProgress' is not defined
2025-08-20 21:28:23 - main - ERROR - ê¸°ëŠ¥ ëª¨ë“ˆ ë¡œë“œ ì‹¤íŒ¨: name 'AnalysisProgress' is not defined
2025-08-20 21:28:23 - main - ERROR - ìƒì„¸ ì˜¤ë¥˜: Traceback (most recent call last):
  File "c:\Users\wogud\OneDrive\Desktop\í´ë¡œë“œì½”ë“œ\integrated_management_system\main.py", line 24, in load_features
    register_keyword_analysis(app)
    ~~~~~~~~~~~~~~~~~~~~~~~~~^^^^^
  File "c:\Users\wogud\OneDrive\Desktop\í´ë¡œë“œì½”ë“œ\integrated_management_system\src\features\keyword_analysis\__init__.py", line 16, in register
    from .ui_main import KeywordAnalysisWidget
  File "c:\Users\wogud\OneDrive\Desktop\í´ë¡œë“œì½”ë“œ\integrated_management_system\src\features\keyword_analysis\ui_main.py", line 34, in <module>
    class KeywordAnalysisWidget(QWidget):
    ...<733 lines>...
            self.add_log("ğŸ”„ API ì„¤ì •ì´ ì—…ë°ì´íŠ¸ë˜ì—ˆìŠµë‹ˆë‹¤.", "info")
  File "c:\Users\wogud\OneDrive\Desktop\í´ë¡œë“œì½”ë“œ\integrated_management_system\src\features\keyword_analysis\ui_main.py", line 367, in KeywordAnalysisWidget
    def update_progress(self, progress: AnalysisProgress):
                                        ^^^^^^^^^^^^^^^^
NameError: name 'AnalysisProgress' is not defined

2025-08-20 21:28:23 - desktop.app - ERROR - ì• í”Œë¦¬ì¼€ì´ì…˜ ì‹¤í–‰ ì‹¤íŒ¨: name 'AnalysisProgress' is not defined
2025-08-20 21:28:23 - main - ERROR - ì• í”Œë¦¬ì¼€ì´ì…˜ ì‹œì‘ ì‹¤íŒ¨: name 'AnalysisProgress' is not defined
2025-08-20 21:28:30 - features.keyword_analysis - ERROR - í‚¤ì›Œë“œ ë¶„ì„ ê¸°ëŠ¥ ë“±ë¡ ì‹¤íŒ¨: name 'AnalysisProgress' is not defined
2025-08-20 21:28:30 - main - ERROR - ê¸°ëŠ¥ ëª¨ë“ˆ ë¡œë“œ ì‹¤íŒ¨: name 'AnalysisProgress' is not defined
2025-08-20 21:28:30 - main - ERROR - ìƒì„¸ ì˜¤ë¥˜: Traceback (most recent call last):
  File "c:\Users\wogud\OneDrive\Desktop\í´ë¡œë“œì½”ë“œ\integrated_management_system\main.py", line 24, in load_features
    register_keyword_analysis(app)
    ~~~~~~~~~~~~~~~~~~~~~~~~~^^^^^
  File "c:\Users\wogud\OneDrive\Desktop\í´ë¡œë“œì½”ë“œ\integrated_management_system\src\features\keyword_analysis\__init__.py", line 16, in register
    from .ui_main import KeywordAnalysisWidget
  File "c:\Users\wogud\OneDrive\Desktop\í´ë¡œë“œì½”ë“œ\integrated_management_system\src\features\keyword_analysis\ui_main.py", line 34, in <module>
    class KeywordAnalysisWidget(QWidget):
    ...<733 lines>...
            self.add_log("ğŸ”„ API ì„¤ì •ì´ ì—…ë°ì´íŠ¸ë˜ì—ˆìŠµë‹ˆë‹¤.", "info")
  File "c:\Users\wogud\OneDrive\Desktop\í´ë¡œë“œì½”ë“œ\integrated_management_system\src\features\keyword_analysis\ui_main.py", line 367, in KeywordAnalysisWidget
    def update_progress(self, progress: AnalysisProgress):
                                        ^^^^^^^^^^^^^^^^
NameError: name 'AnalysisProgress' is not defined

2025-08-20 21:28:30 - desktop.app - ERROR - ì• í”Œë¦¬ì¼€ì´ì…˜ ì‹¤í–‰ ì‹¤íŒ¨: name 'AnalysisProgress' is not defined
2025-08-20 21:28:30 - main - ERROR - ì• í”Œë¦¬ì¼€ì´ì…˜ ì‹œì‘ ì‹¤íŒ¨: name 'AnalysisProgress' is not defined
2025-08-20 21:39:09 - root - ERROR - BackgroundWorker ì˜¤ë¥˜: Traceback (most recent call last):
  File "c:\Users\wogud\OneDrive\Desktop\í´ë¡œë“œì½”ë“œ\integrated_management_system\src\features\keyword_analysis\worker.py", line 101, in run
    result = self._function(*self._args, **self._kwargs)
  File "c:\Users\wogud\OneDrive\Desktop\í´ë¡œë“œì½”ë“œ\integrated_management_system\src\features\keyword_analysis\ui_main.py", line 562, in _analyze_keywords_task
    Q_ARG(object, data)
    ~~~~~^^^^^^^^^^^^^^
RuntimeError: qArgDataFromPyType: Unable to find a QMetaType for "object".

